#
# There is insufficient memory for the Java Runtime Environment to continue.
# Native memory allocation (malloc) failed to allocate 2097152 bytes. Error detail: AllocateHeap
# Possible reasons:
#   The system is out of physical RAM or swap space
#   This process is running with CompressedOops enabled, and the Java Heap may be blocking the growth of the native heap
# Possible solutions:
#   Reduce memory load on the system
#   Increase physical memory or swap space
#   Check if swap backing store is full
#   Decrease Java heap size (-Xmx/-Xms)
#   Decrease number of Java threads
#   Decrease Java thread stack sizes (-Xss)
#   Set larger code cache with -XX:ReservedCodeCacheSize=
#   JVM is running with Unscaled Compressed Oops mode in which the Java heap is
#     placed in the first 4GB address space. The Java Heap base address is the
#     maximum limit for the native heap growth. Please use -XX:HeapBaseMinAddress
#     to set the Java Heap base and to place the Java Heap above 4GB virtual address.
# This output file may be truncated or incomplete.
#
#  Out of Memory Error (allocation.cpp:44), pid=42896, tid=42252
#
# JRE version: OpenJDK Runtime Environment Temurin-17.0.11+9 (17.0.11+9) (build 17.0.11+9)
# Java VM: OpenJDK 64-Bit Server VM Temurin-17.0.11+9 (17.0.11+9, mixed mode, emulated-client, tiered, compressed oops, compressed class ptrs, g1 gc, windows-amd64)
# No core dump will be written. Minidumps are not enabled by default on client versions of Windows
#

---------------  S U M M A R Y ------------

Command Line: -Xmx1024m -Dsts.lsp.client=vscode -Dsts.log.file=/dev/null -XX:TieredStopAtLevel=1 -Xlog:jni+resolve=off -Dspring.config.location=file:c:\Users\mummi\.vscode\extensions\vmware.vscode-spring-boot-1.55.0\language-server\BOOT-INF\classes\application.properties -Xmx512M org.springframework.ide.vscode.boot.app.BootLanguageServerBootApp

Host: 11th Gen Intel(R) Core(TM) i5-1155G7 @ 2.50GHz, 8 cores, 7G,  Windows 11 , 64 bit Build 22621 (10.0.22621.3527)
Time: Mon Jun 17 15:55:53 2024 India Standard Time elapsed time: 11838.643862 seconds (0d 3h 17m 18s)

---------------  T H R E A D  ---------------

Current thread (0x000001268bb76c50):  VMThread "VM Thread" [stack: 0x00000006c8d00000,0x00000006c8e00000] [id=42252]

Stack: [0x00000006c8d00000,0x00000006c8e00000]
Native frames: (J=compiled Java code, j=interpreted, Vv=VM code, C=native code)
V  [jvm.dll+0x67d429]
V  [jvm.dll+0x834b7a]
V  [jvm.dll+0x83663e]
V  [jvm.dll+0x836ca3]
V  [jvm.dll+0x247dbf]
V  [jvm.dll+0xa6cb3]
V  [jvm.dll+0x2f8b61]
V  [jvm.dll+0x2f4750]
V  [jvm.dll+0x2dcf67]
V  [jvm.dll+0x31fb67]
V  [jvm.dll+0x83b19b]
V  [jvm.dll+0x83bed2]
V  [jvm.dll+0x83c3ed]
V  [jvm.dll+0x83c7c4]
V  [jvm.dll+0x83c890]
V  [jvm.dll+0x7e410a]
V  [jvm.dll+0x67c315]
C  [ucrtbase.dll+0x29333]
C  [KERNEL32.DLL+0x1257d]
C  [ntdll.dll+0x5aa48]

VM_Operation (0x00000006c9ffee80): G1CollectFull, mode: safepoint, requested by thread 0x000001269056b870


---------------  P R O C E S S  ---------------

Threads class SMR info:
_java_thread_list=0x000001269135be40, length=27, elements={
0x000001268bb8a380, 0x000001268bb8ee60, 0x000001268bbc0130, 0x000001268bbc0c00,
0x000001268bbc35e0, 0x000001268bb9f8f0, 0x000001268bba21d0, 0x000001268bba2ae0,
0x0000012690202ea0, 0x0000012690216010, 0x0000012691544870, 0x000001269056b870,
0x0000012691445540, 0x000001268208aa90, 0x0000012691371060, 0x00000126917a7520,
0x00000126914f4d30, 0x00000126914f4820, 0x00000126914f5240, 0x00000126914f38f0,
0x00000126914f5750, 0x00000126914f5c60, 0x00000126914f33e0, 0x00000126914f3e00,
0x00000126914f4310, 0x00000126914f24b0, 0x00000126914f2ed0
}

Java Threads: ( => current thread )
  0x000001268bb8a380 JavaThread "Reference Handler" daemon [_thread_blocked, id=41112, stack(0x00000006c8e00000,0x00000006c8f00000)]
  0x000001268bb8ee60 JavaThread "Finalizer" daemon [_thread_blocked, id=42176, stack(0x00000006c8f00000,0x00000006c9000000)]
  0x000001268bbc0130 JavaThread "Signal Dispatcher" daemon [_thread_blocked, id=10976, stack(0x00000006c9000000,0x00000006c9100000)]
  0x000001268bbc0c00 JavaThread "Attach Listener" daemon [_thread_blocked, id=40772, stack(0x00000006c9100000,0x00000006c9200000)]
  0x000001268bbc35e0 JavaThread "Service Thread" daemon [_thread_blocked, id=31496, stack(0x00000006c9200000,0x00000006c9300000)]
  0x000001268bb9f8f0 JavaThread "Monitor Deflation Thread" daemon [_thread_blocked, id=42832, stack(0x00000006c9300000,0x00000006c9400000)]
  0x000001268bba21d0 JavaThread "C1 CompilerThread0" daemon [_thread_blocked, id=39516, stack(0x00000006c9400000,0x00000006c9500000)]
  0x000001268bba2ae0 JavaThread "Sweeper thread" daemon [_thread_blocked, id=36828, stack(0x00000006c9500000,0x00000006c9600000)]
  0x0000012690202ea0 JavaThread "Notification Thread" daemon [_thread_blocked, id=38612, stack(0x00000006c9600000,0x00000006c9700000)]
  0x0000012690216010 JavaThread "Common-Cleaner" daemon [_thread_blocked, id=35692, stack(0x00000006c9800000,0x00000006c9900000)]
  0x0000012691544870 JavaThread "boundedElastic-evictor-1" daemon [_thread_blocked, id=43812, stack(0x00000006c9900000,0x00000006c9a00000)]
  0x000001269056b870 JavaThread "pool-13-thread-1" [_thread_blocked, id=21108, stack(0x00000006c9f00000,0x00000006ca000000)]
  0x0000012691445540 JavaThread "LanguageServerApp-lifecycle" [_thread_blocked, id=42588, stack(0x00000006ca300000,0x00000006ca400000)]
  0x000001268208aa90 JavaThread "DestroyJavaVM" [_thread_blocked, id=42804, stack(0x00000006c8700000,0x00000006c8800000)]
  0x0000012691371060 JavaThread "pool-14-thread-1" [_thread_in_native, id=12668, stack(0x00000006ca400000,0x00000006ca500000)]
  0x00000126917a7520 JavaThread "Simple-Language-Server main thread" daemon [_thread_blocked, id=33324, stack(0x00000006ca500000,0x00000006ca600000)]
  0x00000126914f4d30 JavaThread "pool-8-thread-1" [_thread_blocked, id=42480, stack(0x00000006ca600000,0x00000006ca700000)]
  0x00000126914f4820 JavaThread "parallel-1" daemon [_thread_blocked, id=43412, stack(0x00000006ca700000,0x00000006ca800000)]
  0x00000126914f5240 JavaThread "Reconciler-1" daemon [_thread_blocked, id=40536, stack(0x00000006ca800000,0x00000006ca900000)]
  0x00000126914f38f0 JavaThread "parallel-2" daemon [_thread_blocked, id=2812, stack(0x00000006ca900000,0x00000006caa00000)]
  0x00000126914f5750 JavaThread "parallel-3" daemon [_thread_blocked, id=27348, stack(0x00000006caa00000,0x00000006cab00000)]
  0x00000126914f5c60 JavaThread "parallel-4" daemon [_thread_blocked, id=18896, stack(0x00000006cab00000,0x00000006cac00000)]
  0x00000126914f33e0 JavaThread "parallel-5" daemon [_thread_blocked, id=8112, stack(0x00000006cac00000,0x00000006cad00000)]
  0x00000126914f3e00 JavaThread "parallel-6" daemon [_thread_blocked, id=39684, stack(0x00000006cad00000,0x00000006cae00000)]
  0x00000126914f4310 JavaThread "parallel-7" daemon [_thread_blocked, id=36068, stack(0x00000006cae00000,0x00000006caf00000)]
  0x00000126914f24b0 JavaThread "parallel-8" daemon [_thread_blocked, id=39320, stack(0x00000006caf00000,0x00000006cb000000)]
  0x00000126914f2ed0 JavaThread "pool-6-thread-1" [_thread_blocked, id=4964, stack(0x00000006cb000000,0x00000006cb100000)]

Other Threads:
=>0x000001268bb76c50 VMThread "VM Thread" [stack: 0x00000006c8d00000,0x00000006c8e00000] [id=42252]
  0x0000012690203b20 WatcherThread [stack: 0x00000006c9700000,0x00000006c9800000] [id=40840]
  0x00000126820b9950 GCTaskThread "GC Thread#0" [stack: 0x00000006c8800000,0x00000006c8900000] [id=42904]
  0x0000012690bfeba0 GCTaskThread "GC Thread#1" [stack: 0x00000006c9a00000,0x00000006c9b00000] [id=39096]
  0x000001269013c410 GCTaskThread "GC Thread#2" [stack: 0x00000006c9b00000,0x00000006c9c00000] [id=43288]
  0x000001269013eda0 GCTaskThread "GC Thread#3" [stack: 0x00000006c9c00000,0x00000006c9d00000] [id=43172]
  0x0000012690a0acb0 GCTaskThread "GC Thread#4" [stack: 0x00000006c9d00000,0x00000006c9e00000] [id=43388]
  0x00000126904f2820 GCTaskThread "GC Thread#5" [stack: 0x00000006c9e00000,0x00000006c9f00000] [id=2580]
  0x00000126910ae750 GCTaskThread "GC Thread#6" [stack: 0x00000006ca000000,0x00000006ca100000] [id=10944]
  0x0000012691114860 GCTaskThread "GC Thread#7" [stack: 0x00000006ca100000,0x00000006ca200000] [id=34696]
  0x00000126820be7b0 ConcurrentGCThread "G1 Main Marker" [stack: 0x00000006c8900000,0x00000006c8a00000] [id=41668]
  0x00000126820bf0e0 ConcurrentGCThread "G1 Conc#0" [stack: 0x00000006c8a00000,0x00000006c8b00000] [id=41376]
  0x0000012691114b20 ConcurrentGCThread "G1 Conc#1" [stack: 0x00000006ca200000,0x00000006ca300000] [id=24956]
  0x000001268b9f00a0 ConcurrentGCThread "G1 Refine#0" [stack: 0x00000006c8b00000,0x00000006c8c00000] [id=41688]
  0x000001268b9f09e0 ConcurrentGCThread "G1 Service" [stack: 0x00000006c8c00000,0x00000006c8d00000] [id=41664]

Threads with active compile tasks:

VM state: at safepoint (normal execution)

VM Mutex/Monitor currently owned by a thread:  ([mutex/lock_event])
[0x00000126fff03e60] Threads_lock - owner thread: 0x000001268bb76c50
[0x00000126ffefe620] Heap_lock - owner thread: 0x000001269056b870

Heap address: 0x00000000e0000000, size: 512 MB, Compressed Oops mode: 32-bit

CDS archive(s) not mapped
Compressed class space mapped at: 0x0000000100000000-0x0000000140000000, reserved size: 1073741824
Narrow klass base: 0x0000000000000000, Narrow klass shift: 3, Narrow klass range: 0x140000000

GC Precious Log:
 CPUs: 8 total, 8 available
 Memory: 7941M
 Large Page Support: Disabled
 NUMA Support: Disabled
 Compressed Oops: Enabled (32-bit)
 Heap Region Size: 1M
 Heap Min Capacity: 8M
 Heap Initial Capacity: 126M
 Heap Max Capacity: 512M
 Pre-touch: Disabled
 Parallel Workers: 8
 Concurrent Workers: 2
 Concurrent Refinement Workers: 8
 Periodic GC: Disabled

Heap:
 garbage-first heap   total 75776K, used 24765K [0x00000000e0000000, 0x0000000100000000)
  region size 1024K, 1 young (1024K), 0 survivors (0K)
 Metaspace       used 39607K, committed 40128K, reserved 1114112K
  class space    used 5247K, committed 5440K, reserved 1048576K

Heap Regions: E=young(eden), S=young(survivor), O=old, HS=humongous(starts), HC=humongous(continues), CS=collection set, F=free, OA=open archive, CA=closed archive, TAMS=top-at-mark-start (previous, next)
|   0|0x00000000e0000000, 0x00000000e0100000, 0x00000000e0100000|100%|HS|  |TAMS 0x00000000e0100000, 0x00000000e0000000| Untracked 
|   1|0x00000000e0100000, 0x00000000e0200000, 0x00000000e0200000|100%|HC|  |TAMS 0x00000000e0200000, 0x00000000e0100000| Untracked 
|   2|0x00000000e0200000, 0x00000000e0300000, 0x00000000e0300000|100%|HC|  |TAMS 0x00000000e0300000, 0x00000000e0200000| Untracked 
|   3|0x00000000e0300000, 0x00000000e0400000, 0x00000000e0400000|100%|HC|  |TAMS 0x00000000e0400000, 0x00000000e0300000| Untracked 
|   4|0x00000000e0400000, 0x00000000e0500000, 0x00000000e0500000|100%|HS|  |TAMS 0x00000000e0500000, 0x00000000e0400000| Untracked 
|   5|0x00000000e0500000, 0x00000000e0600000, 0x00000000e0600000|100%|HC|  |TAMS 0x00000000e0600000, 0x00000000e0500000| Untracked 
|   6|0x00000000e0600000, 0x00000000e0700000, 0x00000000e0700000|100%| O|  |TAMS 0x00000000e0700000, 0x00000000e0600000| Untracked 
|   7|0x00000000e0700000, 0x00000000e07ffff0, 0x00000000e0800000| 99%| O|  |TAMS 0x00000000e07ffff0, 0x00000000e0700000| Untracked 
|   8|0x00000000e0800000, 0x00000000e08ffe50, 0x00000000e0900000| 99%| O|  |TAMS 0x00000000e08ffe50, 0x00000000e0800000| Untracked 
|   9|0x00000000e0900000, 0x00000000e0a00000, 0x00000000e0a00000|100%| O|  |TAMS 0x00000000e0a00000, 0x00000000e0900000| Untracked 
|  10|0x00000000e0a00000, 0x00000000e0b00000, 0x00000000e0b00000|100%| O|  |TAMS 0x00000000e0b00000, 0x00000000e0a00000| Untracked 
|  11|0x00000000e0b00000, 0x00000000e0c00000, 0x00000000e0c00000|100%| O|  |TAMS 0x00000000e0c00000, 0x00000000e0b00000| Untracked 
|  12|0x00000000e0c00000, 0x00000000e0cffff8, 0x00000000e0d00000| 99%| O|  |TAMS 0x00000000e0cffff8, 0x00000000e0c00000| Untracked 
|  13|0x00000000e0d00000, 0x00000000e0e00000, 0x00000000e0e00000|100%| O|  |TAMS 0x00000000e0e00000, 0x00000000e0d00000| Untracked 
|  14|0x00000000e0e00000, 0x00000000e0f00000, 0x00000000e0f00000|100%| O|  |TAMS 0x00000000e0f00000, 0x00000000e0e00000| Untracked 
|  15|0x00000000e0f00000, 0x00000000e0ffffe8, 0x00000000e1000000| 99%| O|  |TAMS 0x00000000e0ffffe8, 0x00000000e0f00000| Untracked 
|  16|0x00000000e1000000, 0x00000000e10fffa0, 0x00000000e1100000| 99%| O|  |TAMS 0x00000000e10fffa0, 0x00000000e1000000| Untracked 
|  17|0x00000000e1100000, 0x00000000e11ffef8, 0x00000000e1200000| 99%| O|  |TAMS 0x00000000e11ffef8, 0x00000000e1100000| Untracked 
|  18|0x00000000e1200000, 0x00000000e12ffff0, 0x00000000e1300000| 99%| O|  |TAMS 0x00000000e12ffff0, 0x00000000e1200000| Untracked 
|  19|0x00000000e1300000, 0x00000000e13ffff8, 0x00000000e1400000| 99%| O|  |TAMS 0x00000000e13ffff8, 0x00000000e1300000| Untracked 
|  20|0x00000000e1400000, 0x00000000e14ffff0, 0x00000000e1500000| 99%| O|  |TAMS 0x00000000e14ffff0, 0x00000000e1400000| Untracked 
|  21|0x00000000e1500000, 0x00000000e1600000, 0x00000000e1600000|100%| O|  |TAMS 0x00000000e1600000, 0x00000000e1500000| Untracked 
|  22|0x00000000e1600000, 0x00000000e16ffff0, 0x00000000e1700000| 99%| O|  |TAMS 0x00000000e16ffff0, 0x00000000e1600000| Untracked 
|  23|0x00000000e1700000, 0x00000000e1800000, 0x00000000e1800000|100%| O|  |TAMS 0x00000000e1800000, 0x00000000e1700000| Untracked 
|  24|0x00000000e1800000, 0x00000000e182f990, 0x00000000e1900000| 18%| O|  |TAMS 0x00000000e1800000, 0x00000000e1800000| Untracked 
|  25|0x00000000e1900000, 0x00000000e1900068, 0x00000000e1a00000|  0%| O|  |TAMS 0x00000000e1900000, 0x00000000e1900000| Untracked 
|  26|0x00000000e1a00000, 0x00000000e1a00000, 0x00000000e1b00000|  0%| F|  |TAMS 0x00000000e1a00000, 0x00000000e1a00000| Untracked 
|  27|0x00000000e1b00000, 0x00000000e1b00000, 0x00000000e1c00000|  0%| F|  |TAMS 0x00000000e1b00000, 0x00000000e1b00000| Untracked 
|  28|0x00000000e1c00000, 0x00000000e1c00000, 0x00000000e1d00000|  0%| F|  |TAMS 0x00000000e1c00000, 0x00000000e1c00000| Untracked 
|  29|0x00000000e1d00000, 0x00000000e1d00000, 0x00000000e1e00000|  0%| F|  |TAMS 0x00000000e1d00000, 0x00000000e1d00000| Untracked 
|  30|0x00000000e1e00000, 0x00000000e1e00000, 0x00000000e1f00000|  0%| F|  |TAMS 0x00000000e1e00000, 0x00000000e1e00000| Untracked 
|  31|0x00000000e1f00000, 0x00000000e1f00000, 0x00000000e2000000|  0%| F|  |TAMS 0x00000000e1f00000, 0x00000000e1f00000| Untracked 
|  32|0x00000000e2000000, 0x00000000e2000000, 0x00000000e2100000|  0%| F|  |TAMS 0x00000000e2000000, 0x00000000e2000000| Untracked 
|  33|0x00000000e2100000, 0x00000000e2100000, 0x00000000e2200000|  0%| F|  |TAMS 0x00000000e2100000, 0x00000000e2100000| Untracked 
|  34|0x00000000e2200000, 0x00000000e2200000, 0x00000000e2300000|  0%| F|  |TAMS 0x00000000e2200000, 0x00000000e2200000| Untracked 
|  35|0x00000000e2300000, 0x00000000e2300000, 0x00000000e2400000|  0%| F|  |TAMS 0x00000000e2300000, 0x00000000e2300000| Untracked 
|  36|0x00000000e2400000, 0x00000000e2400000, 0x00000000e2500000|  0%| F|  |TAMS 0x00000000e2400000, 0x00000000e2400000| Untracked 
|  37|0x00000000e2500000, 0x00000000e2500000, 0x00000000e2600000|  0%| F|  |TAMS 0x00000000e2500000, 0x00000000e2500000| Untracked 
|  38|0x00000000e2600000, 0x00000000e2600000, 0x00000000e2700000|  0%| F|  |TAMS 0x00000000e2600000, 0x00000000e2600000| Untracked 
|  39|0x00000000e2700000, 0x00000000e2700000, 0x00000000e2800000|  0%| F|  |TAMS 0x00000000e2700000, 0x00000000e2700000| Untracked 
|  40|0x00000000e2800000, 0x00000000e2800000, 0x00000000e2900000|  0%| F|  |TAMS 0x00000000e2800000, 0x00000000e2800000| Untracked 
|  41|0x00000000e2900000, 0x00000000e2900000, 0x00000000e2a00000|  0%| F|  |TAMS 0x00000000e2900000, 0x00000000e2900000| Untracked 
|  42|0x00000000e2a00000, 0x00000000e2a00000, 0x00000000e2b00000|  0%| F|  |TAMS 0x00000000e2a00000, 0x00000000e2a00000| Untracked 
|  43|0x00000000e2b00000, 0x00000000e2b00000, 0x00000000e2c00000|  0%| F|  |TAMS 0x00000000e2b00000, 0x00000000e2b00000| Untracked 
|  44|0x00000000e2c00000, 0x00000000e2c00000, 0x00000000e2d00000|  0%| F|  |TAMS 0x00000000e2c00000, 0x00000000e2c00000| Untracked 
|  45|0x00000000e2d00000, 0x00000000e2d00000, 0x00000000e2e00000|  0%| F|  |TAMS 0x00000000e2d00000, 0x00000000e2d00000| Untracked 
|  46|0x00000000e2e00000, 0x00000000e2e00000, 0x00000000e2f00000|  0%| F|  |TAMS 0x00000000e2e00000, 0x00000000e2e00000| Untracked 
|  47|0x00000000e2f00000, 0x00000000e2f00000, 0x00000000e3000000|  0%| F|  |TAMS 0x00000000e2f00000, 0x00000000e2f00000| Untracked 
|  48|0x00000000e3000000, 0x00000000e3000000, 0x00000000e3100000|  0%| F|  |TAMS 0x00000000e3000000, 0x00000000e3000000| Untracked 
|  49|0x00000000e3100000, 0x00000000e3100000, 0x00000000e3200000|  0%| F|  |TAMS 0x00000000e3100000, 0x00000000e3100000| Untracked 
|  50|0x00000000e3200000, 0x00000000e3200000, 0x00000000e3300000|  0%| F|  |TAMS 0x00000000e3200000, 0x00000000e3200000| Untracked 
|  51|0x00000000e3300000, 0x00000000e3300000, 0x00000000e3400000|  0%| F|  |TAMS 0x00000000e3300000, 0x00000000e3300000| Untracked 
|  52|0x00000000e3400000, 0x00000000e3400000, 0x00000000e3500000|  0%| F|  |TAMS 0x00000000e3400000, 0x00000000e3400000| Untracked 
|  53|0x00000000e3500000, 0x00000000e3500000, 0x00000000e3600000|  0%| F|  |TAMS 0x00000000e3500000, 0x00000000e3500000| Untracked 
|  54|0x00000000e3600000, 0x00000000e3600000, 0x00000000e3700000|  0%| F|  |TAMS 0x00000000e3600000, 0x00000000e3600000| Untracked 
|  55|0x00000000e3700000, 0x00000000e3700000, 0x00000000e3800000|  0%| F|  |TAMS 0x00000000e3700000, 0x00000000e3700000| Untracked 
|  56|0x00000000e3800000, 0x00000000e3800000, 0x00000000e3900000|  0%| F|  |TAMS 0x00000000e3800000, 0x00000000e3800000| Untracked 
|  57|0x00000000e3900000, 0x00000000e3900000, 0x00000000e3a00000|  0%| F|  |TAMS 0x00000000e3900000, 0x00000000e3900000| Untracked 
|  58|0x00000000e3a00000, 0x00000000e3a00000, 0x00000000e3b00000|  0%| F|  |TAMS 0x00000000e3a00000, 0x00000000e3a00000| Untracked 
|  59|0x00000000e3b00000, 0x00000000e3b00000, 0x00000000e3c00000|  0%| F|  |TAMS 0x00000000e3b00000, 0x00000000e3b00000| Untracked 
|  60|0x00000000e3c00000, 0x00000000e3c00000, 0x00000000e3d00000|  0%| F|  |TAMS 0x00000000e3c00000, 0x00000000e3c00000| Untracked 
|  61|0x00000000e3d00000, 0x00000000e3d00000, 0x00000000e3e00000|  0%| F|  |TAMS 0x00000000e3d00000, 0x00000000e3d00000| Untracked 
|  62|0x00000000e3e00000, 0x00000000e3e00000, 0x00000000e3f00000|  0%| F|  |TAMS 0x00000000e3e00000, 0x00000000e3e00000| Untracked 
|  63|0x00000000e3f00000, 0x00000000e3f00000, 0x00000000e4000000|  0%| F|  |TAMS 0x00000000e3f00000, 0x00000000e3f00000| Untracked 
|  64|0x00000000e4000000, 0x00000000e4000000, 0x00000000e4100000|  0%| F|  |TAMS 0x00000000e4000000, 0x00000000e4000000| Untracked 
|  65|0x00000000e4100000, 0x00000000e4100000, 0x00000000e4200000|  0%| F|  |TAMS 0x00000000e4100000, 0x00000000e4100000| Untracked 
|  66|0x00000000e4200000, 0x00000000e4200000, 0x00000000e4300000|  0%| F|  |TAMS 0x00000000e4200000, 0x00000000e4200000| Untracked 
|  67|0x00000000e4300000, 0x00000000e4300000, 0x00000000e4400000|  0%| F|  |TAMS 0x00000000e4300000, 0x00000000e4300000| Untracked 
|  84|0x00000000e5400000, 0x00000000e5400000, 0x00000000e5500000|  0%| F|  |TAMS 0x00000000e5400000, 0x00000000e5400000| Untracked 
|  85|0x00000000e5500000, 0x00000000e5500000, 0x00000000e5600000|  0%| F|  |TAMS 0x00000000e5500000, 0x00000000e5500000| Untracked 
|  86|0x00000000e5600000, 0x00000000e5600000, 0x00000000e5700000|  0%| F|  |TAMS 0x00000000e5600000, 0x00000000e5600000| Untracked 
|  87|0x00000000e5700000, 0x00000000e5700000, 0x00000000e5800000|  0%| F|  |TAMS 0x00000000e5700000, 0x00000000e5700000| Untracked 
|  88|0x00000000e5800000, 0x00000000e5800000, 0x00000000e5900000|  0%| F|  |TAMS 0x00000000e5800000, 0x00000000e5800000| Untracked 
| 125|0x00000000e7d00000, 0x00000000e7d4ccf8, 0x00000000e7e00000| 30%| E|  |TAMS 0x00000000e7d00000, 0x00000000e7d00000| Complete 

Card table byte_map: [0x0000012687f20000,0x0000012688020000] _byte_map_base: 0x0000012687820000

Marking Bits (Prev, Next): (CMBitMap*) 0x00000126820b9ec0, (CMBitMap*) 0x00000126820b9e80
 Prev Bits: [0x0000012688920000, 0x0000012689120000)
 Next Bits: [0x0000012688120000, 0x0000012688920000)

Polling page: 0x0000012680070000

Metaspace:

Usage:
  Non-class:     33.55 MB used.
      Class:      5.12 MB used.
       Both:     38.68 MB used.

Virtual space:
  Non-class space:       64.00 MB reserved,      33.88 MB ( 53%) committed,  1 nodes.
      Class space:        1.00 GB reserved,       5.31 MB ( <1%) committed,  1 nodes.
             Both:        1.06 GB reserved,      39.19 MB (  4%) committed. 

Chunk freelists:
   Non-Class:  14.28 MB
       Class:  10.76 MB
        Both:  25.04 MB

MaxMetaspaceSize: unlimited
CompressedClassSpaceSize: 1.00 GB
Initial GC threshold: 21.00 MB
Current GC threshold: 65.31 MB
CDS: off
MetaspaceReclaimPolicy: balanced
 - commit_granule_bytes: 65536.
 - commit_granule_words: 8192.
 - virtual_space_node_default_size: 8388608.
 - enlarge_chunks_in_place: 1.
 - new_chunks_are_fully_committed: 0.
 - uncommit_free_chunks: 1.
 - use_allocation_guard: 0.
 - handle_deallocations: 1.


Internal statistics:

num_allocs_failed_limit: 8.
num_arena_births: 516.
num_arena_deaths: 158.
num_vsnodes_births: 2.
num_vsnodes_deaths: 0.
num_space_committed: 627.
num_space_uncommitted: 0.
num_chunks_returned_to_freelist: 179.
num_chunks_taken_from_freelist: 1710.
num_chunk_merges: 55.
num_chunk_splits: 1173.
num_chunks_enlarged: 900.
num_inconsistent_stats: 0.

CodeCache: size=49152Kb used=7067Kb max_used=7067Kb free=42085Kb
 bounds [0x0000012684d10000, 0x0000012685400000, 0x0000012687d10000]
 total_blobs=4365 nmethods=3818 adapters=474
 compilation: enabled
              stopped_count=0, restarted_count=0
 full_count=0

Compilation events (20 events):
Event: 8614.449 Thread 0x000001268bba21d0 3813       1       java.lang.ThreadLocal::setInitialValue (50 bytes)
Event: 8614.450 Thread 0x000001268bba21d0 nmethod 3813 0x00000126853f3790 code [0x00000126853f3980, 0x00000126853f3c38]
Event: 8615.479 Thread 0x000001268bba21d0 3814       1       com.google.gson.stream.JsonReader::push (76 bytes)
Event: 8615.481 Thread 0x000001268bba21d0 nmethod 3814 0x00000126853f3e10 code [0x00000126853f3fe0, 0x00000126853f4548]
Event: 8615.481 Thread 0x000001268bba21d0 3815       1       jdk.internal.reflect.ClassFileAssembler::getStack (5 bytes)
Event: 8615.481 Thread 0x000001268bba21d0 nmethod 3815 0x00000126853f4790 code [0x00000126853f4920, 0x00000126853f49f8]
Event: 8615.483 Thread 0x000001268bba21d0 3816       1       java.lang.Long::valueOf (40 bytes)
Event: 8615.484 Thread 0x000001268bba21d0 nmethod 3816 0x00000126853f4a90 code [0x00000126853f4c20, 0x00000126853f4db8]
Event: 8615.487 Thread 0x000001268bba21d0 3817       1       java.net.URI$Parser::scanEscape (115 bytes)
Event: 8615.491 Thread 0x000001268bba21d0 nmethod 3817 0x00000126853f4e90 code [0x00000126853f50c0, 0x00000126853f56e8]
Event: 8616.002 Thread 0x000001268bba21d0 3818       1       java.nio.Buffer::flip (20 bytes)
Event: 8616.002 Thread 0x000001268bba21d0 nmethod 3818 0x00000126853f5b10 code [0x00000126853f5ca0, 0x00000126853f5d78]
Event: 8649.025 Thread 0x000001268bba21d0 3819       1       java.nio.ByteBuffer::arrayOffset (35 bytes)
Event: 8649.026 Thread 0x000001268bba21d0 nmethod 3819 0x00000126853f5e10 code [0x00000126853f5fc0, 0x00000126853f6198]
Event: 8649.030 Thread 0x000001268bba21d0 3820       1       java.time.Instant::getEpochSecond (5 bytes)
Event: 8649.030 Thread 0x000001268bba21d0 nmethod 3820 0x00000126853f6290 code [0x00000126853f6420, 0x00000126853f64f8]
Event: 8649.031 Thread 0x000001268bba21d0 3821       1       java.time.temporal.ValueRange::isValidValue (24 bytes)
Event: 8649.031 Thread 0x000001268bba21d0 nmethod 3821 0x00000126853f6590 code [0x00000126853f6720, 0x00000126853f6818]
Event: 8650.619 Thread 0x000001268bba21d0 3822       1       java.io.File::<init> (20 bytes)
Event: 8650.620 Thread 0x000001268bba21d0 nmethod 3822 0x00000126853f6890 code [0x00000126853f6a20, 0x00000126853f6b58]

GC Heap History (20 events):
Event: 11733.423 GC heap before
{Heap before GC invocations=801 (full 791):
 garbage-first heap   total 75776K, used 24765K [0x00000000e0000000, 0x0000000100000000)
  region size 1024K, 1 young (1024K), 0 survivors (0K)
 Metaspace       used 39607K, committed 40128K, reserved 1114112K
  class space    used 5247K, committed 5440K, reserved 1048576K
}
Event: 11733.457 GC heap after
{Heap after GC invocations=802 (full 792):
 garbage-first heap   total 75776K, used 24765K [0x00000000e0000000, 0x0000000100000000)
  region size 1024K, 0 young (0K), 0 survivors (0K)
 Metaspace       used 39607K, committed 40128K, reserved 1114112K
  class space    used 5247K, committed 5440K, reserved 1048576K
}
Event: 11743.957 GC heap before
{Heap before GC invocations=802 (full 792):
 garbage-first heap   total 75776K, used 24765K [0x00000000e0000000, 0x0000000100000000)
  region size 1024K, 1 young (1024K), 0 survivors (0K)
 Metaspace       used 39607K, committed 40128K, reserved 1114112K
  class space    used 5247K, committed 5440K, reserved 1048576K
}
Event: 11743.981 GC heap after
{Heap after GC invocations=803 (full 793):
 garbage-first heap   total 75776K, used 24765K [0x00000000e0000000, 0x0000000100000000)
  region size 1024K, 0 young (0K), 0 survivors (0K)
 Metaspace       used 39607K, committed 40128K, reserved 1114112K
  class space    used 5247K, committed 5440K, reserved 1048576K
}
Event: 11754.532 GC heap before
{Heap before GC invocations=803 (full 793):
 garbage-first heap   total 75776K, used 24765K [0x00000000e0000000, 0x0000000100000000)
  region size 1024K, 1 young (1024K), 0 survivors (0K)
 Metaspace       used 39607K, committed 40128K, reserved 1114112K
  class space    used 5247K, committed 5440K, reserved 1048576K
}
Event: 11754.560 GC heap after
{Heap after GC invocations=804 (full 794):
 garbage-first heap   total 75776K, used 24765K [0x00000000e0000000, 0x0000000100000000)
  region size 1024K, 0 young (0K), 0 survivors (0K)
 Metaspace       used 39607K, committed 40128K, reserved 1114112K
  class space    used 5247K, committed 5440K, reserved 1048576K
}
Event: 11765.289 GC heap before
{Heap before GC invocations=804 (full 794):
 garbage-first heap   total 75776K, used 24765K [0x00000000e0000000, 0x0000000100000000)
  region size 1024K, 1 young (1024K), 0 survivors (0K)
 Metaspace       used 39607K, committed 40128K, reserved 1114112K
  class space    used 5247K, committed 5440K, reserved 1048576K
}
Event: 11765.327 GC heap after
{Heap after GC invocations=805 (full 795):
 garbage-first heap   total 75776K, used 24765K [0x00000000e0000000, 0x0000000100000000)
  region size 1024K, 0 young (0K), 0 survivors (0K)
 Metaspace       used 39607K, committed 40128K, reserved 1114112K
  class space    used 5247K, committed 5440K, reserved 1048576K
}
Event: 11775.844 GC heap before
{Heap before GC invocations=805 (full 795):
 garbage-first heap   total 75776K, used 24765K [0x00000000e0000000, 0x0000000100000000)
  region size 1024K, 1 young (1024K), 0 survivors (0K)
 Metaspace       used 39607K, committed 40128K, reserved 1114112K
  class space    used 5247K, committed 5440K, reserved 1048576K
}
Event: 11775.894 GC heap after
{Heap after GC invocations=806 (full 796):
 garbage-first heap   total 75776K, used 24765K [0x00000000e0000000, 0x0000000100000000)
  region size 1024K, 0 young (0K), 0 survivors (0K)
 Metaspace       used 39607K, committed 40128K, reserved 1114112K
  class space    used 5247K, committed 5440K, reserved 1048576K
}
Event: 11786.298 GC heap before
{Heap before GC invocations=806 (full 796):
 garbage-first heap   total 75776K, used 24765K [0x00000000e0000000, 0x0000000100000000)
  region size 1024K, 1 young (1024K), 0 survivors (0K)
 Metaspace       used 39607K, committed 40128K, reserved 1114112K
  class space    used 5247K, committed 5440K, reserved 1048576K
}
Event: 11786.328 GC heap after
{Heap after GC invocations=807 (full 797):
 garbage-first heap   total 75776K, used 24765K [0x00000000e0000000, 0x0000000100000000)
  region size 1024K, 0 young (0K), 0 survivors (0K)
 Metaspace       used 39607K, committed 40128K, reserved 1114112K
  class space    used 5247K, committed 5440K, reserved 1048576K
}
Event: 11796.684 GC heap before
{Heap before GC invocations=807 (full 797):
 garbage-first heap   total 75776K, used 24765K [0x00000000e0000000, 0x0000000100000000)
  region size 1024K, 1 young (1024K), 0 survivors (0K)
 Metaspace       used 39607K, committed 40128K, reserved 1114112K
  class space    used 5247K, committed 5440K, reserved 1048576K
}
Event: 11796.716 GC heap after
{Heap after GC invocations=808 (full 798):
 garbage-first heap   total 75776K, used 24765K [0x00000000e0000000, 0x0000000100000000)
  region size 1024K, 0 young (0K), 0 survivors (0K)
 Metaspace       used 39607K, committed 40128K, reserved 1114112K
  class space    used 5247K, committed 5440K, reserved 1048576K
}
Event: 11807.146 GC heap before
{Heap before GC invocations=808 (full 798):
 garbage-first heap   total 75776K, used 24765K [0x00000000e0000000, 0x0000000100000000)
  region size 1024K, 1 young (1024K), 0 survivors (0K)
 Metaspace       used 39607K, committed 40128K, reserved 1114112K
  class space    used 5247K, committed 5440K, reserved 1048576K
}
Event: 11807.185 GC heap after
{Heap after GC invocations=809 (full 799):
 garbage-first heap   total 75776K, used 24765K [0x00000000e0000000, 0x0000000100000000)
  region size 1024K, 0 young (0K), 0 survivors (0K)
 Metaspace       used 39607K, committed 40128K, reserved 1114112K
  class space    used 5247K, committed 5440K, reserved 1048576K
}
Event: 11817.656 GC heap before
{Heap before GC invocations=809 (full 799):
 garbage-first heap   total 75776K, used 24765K [0x00000000e0000000, 0x0000000100000000)
  region size 1024K, 1 young (1024K), 0 survivors (0K)
 Metaspace       used 39607K, committed 40128K, reserved 1114112K
  class space    used 5247K, committed 5440K, reserved 1048576K
}
Event: 11817.709 GC heap after
{Heap after GC invocations=810 (full 800):
 garbage-first heap   total 75776K, used 24765K [0x00000000e0000000, 0x0000000100000000)
  region size 1024K, 0 young (0K), 0 survivors (0K)
 Metaspace       used 39607K, committed 40128K, reserved 1114112K
  class space    used 5247K, committed 5440K, reserved 1048576K
}
Event: 11828.079 GC heap before
{Heap before GC invocations=810 (full 800):
 garbage-first heap   total 75776K, used 24765K [0x00000000e0000000, 0x0000000100000000)
  region size 1024K, 1 young (1024K), 0 survivors (0K)
 Metaspace       used 39607K, committed 40128K, reserved 1114112K
  class space    used 5247K, committed 5440K, reserved 1048576K
}
Event: 11828.128 GC heap after
{Heap after GC invocations=811 (full 801):
 garbage-first heap   total 75776K, used 24765K [0x00000000e0000000, 0x0000000100000000)
  region size 1024K, 0 young (0K), 0 survivors (0K)
 Metaspace       used 39607K, committed 40128K, reserved 1114112K
  class space    used 5247K, committed 5440K, reserved 1048576K
}

Dll operation events (8 events):
Event: 0.015 Loaded shared library c:\Users\mummi\.vscode\extensions\redhat.java-1.31.0-win32-x64\jre\17.0.11-win32-x86_64\bin\java.dll
Event: 14.028 Loaded shared library C:\Users\mummi\.vscode\extensions\redhat.java-1.31.0-win32-x64\jre\17.0.11-win32-x86_64\bin\net.dll
Event: 14.417 Loaded shared library C:\Users\mummi\.vscode\extensions\redhat.java-1.31.0-win32-x64\jre\17.0.11-win32-x86_64\bin\nio.dll
Event: 14.598 Loaded shared library C:\Users\mummi\.vscode\extensions\redhat.java-1.31.0-win32-x64\jre\17.0.11-win32-x86_64\bin\zip.dll
Event: 21.919 Loaded shared library C:\Users\mummi\.vscode\extensions\redhat.java-1.31.0-win32-x64\jre\17.0.11-win32-x86_64\bin\jimage.dll
Event: 31.574 Loaded shared library c:\Users\mummi\.vscode\extensions\redhat.java-1.31.0-win32-x64\jre\17.0.11-win32-x86_64\bin\verify.dll
Event: 46.708 Loaded shared library C:\Users\mummi\.vscode\extensions\redhat.java-1.31.0-win32-x64\jre\17.0.11-win32-x86_64\bin\management.dll
Event: 46.767 Loaded shared library C:\Users\mummi\.vscode\extensions\redhat.java-1.31.0-win32-x64\jre\17.0.11-win32-x86_64\bin\management_ext.dll

Deoptimization events (6 events):
Event: 52.645 Thread 0x0000012691371060 DEOPT PACKING pc=0x00000126851b0901 sp=0x00000006ca4fddc0
Event: 52.647 Thread 0x0000012691371060 DEOPT UNPACKING pc=0x0000012684d6ace3 sp=0x00000006ca4fd250 mode 3
Event: 52.746 Thread 0x00000126914f4d30 DEOPT PACKING pc=0x0000012685193997 sp=0x00000006ca6ff440
Event: 52.747 Thread 0x00000126914f4d30 DEOPT UNPACKING pc=0x0000012684d6ace3 sp=0x00000006ca6fe898 mode 3
Event: 8470.835 Thread 0x0000012691371060 DEOPT PACKING pc=0x00000126851ff554 sp=0x00000006ca4fefa0
Event: 8470.839 Thread 0x0000012691371060 DEOPT UNPACKING pc=0x0000012684d6ace3 sp=0x00000006ca4fe448 mode 0

Classes unloaded (20 events):
Event: 109.959 Thread 0x000001268bb76c50 Unloading class 0x0000000100095c00 'java/lang/invoke/LambdaForm$MH+0x0000000100095c00'
Event: 109.959 Thread 0x000001268bb76c50 Unloading class 0x0000000100095800 'java/lang/invoke/LambdaForm$MH+0x0000000100095800'
Event: 109.959 Thread 0x000001268bb76c50 Unloading class 0x0000000100095400 'java/lang/invoke/LambdaForm$MH+0x0000000100095400'
Event: 109.959 Thread 0x000001268bb76c50 Unloading class 0x0000000100095000 'java/lang/invoke/LambdaForm$MH+0x0000000100095000'
Event: 109.959 Thread 0x000001268bb76c50 Unloading class 0x0000000100094c00 'java/lang/invoke/LambdaForm$MH+0x0000000100094c00'
Event: 109.959 Thread 0x000001268bb76c50 Unloading class 0x0000000100094800 'java/lang/invoke/LambdaForm$MH+0x0000000100094800'
Event: 109.959 Thread 0x000001268bb76c50 Unloading class 0x0000000100094400 'java/lang/invoke/LambdaForm$MH+0x0000000100094400'
Event: 109.959 Thread 0x000001268bb76c50 Unloading class 0x000000010008cc00 'java/lang/invoke/LambdaForm$MH+0x000000010008cc00'
Event: 109.959 Thread 0x000001268bb76c50 Unloading class 0x000000010008c800 'java/lang/invoke/LambdaForm$MH+0x000000010008c800'
Event: 109.959 Thread 0x000001268bb76c50 Unloading class 0x000000010008c000 'java/lang/invoke/LambdaForm$MH+0x000000010008c000'
Event: 120.441 Thread 0x000001268bb76c50 Unloading class 0x000000010008e800 'java/lang/invoke/LambdaForm$MH+0x000000010008e800'
Event: 120.441 Thread 0x000001268bb76c50 Unloading class 0x000000010008e400 'java/lang/invoke/LambdaForm$MH+0x000000010008e400'
Event: 120.441 Thread 0x000001268bb76c50 Unloading class 0x000000010008e000 'java/lang/invoke/LambdaForm$MH+0x000000010008e000'
Event: 120.441 Thread 0x000001268bb76c50 Unloading class 0x000000010008dc00 'java/lang/invoke/LambdaForm$MH+0x000000010008dc00'
Event: 120.441 Thread 0x000001268bb76c50 Unloading class 0x000000010008d800 'java/lang/invoke/LambdaForm$MH+0x000000010008d800'
Event: 120.441 Thread 0x000001268bb76c50 Unloading class 0x000000010008d400 'java/lang/invoke/LambdaForm$MH+0x000000010008d400'
Event: 120.441 Thread 0x000001268bb76c50 Unloading class 0x000000010008bc00 'java/lang/invoke/LambdaForm$MH+0x000000010008bc00'
Event: 8531.428 Thread 0x000001268bb76c50 Unloading class 0x000000010008bc00 'java/lang/invoke/LambdaForm$MH+0x000000010008bc00'
Event: 8531.428 Thread 0x000001268bb76c50 Unloading class 0x000000010008d400 'java/lang/invoke/LambdaForm$MH+0x000000010008d400'
Event: 8531.428 Thread 0x000001268bb76c50 Unloading class 0x000000010008e800 'java/lang/invoke/LambdaForm$MH+0x000000010008e800'

Classes redefined (0 events):
No events

Internal exceptions (20 events):
Event: 38.642 Thread 0x000001268208aa90 Exception <a 'java/lang/NoSuchMethodError'{0x00000000e3c47c00}: 'java.lang.Object java.lang.invoke.DirectMethodHandle$Holder.invokeSpecial(java.lang.Object, java.lang.Object, int, java.lang.Object, java.lang.Object)'> (0x00000000e3c47c00) 
thrown [s\src\hotspot\share\interpreter\linkResolver.cpp, line 759]
Event: 38.643 Thread 0x000001268208aa90 Exception <a 'java/lang/NoSuchMethodError'{0x00000000e3c4b8a8}: 'java.lang.Object java.lang.invoke.DelegatingMethodHandle$Holder.delegate(java.lang.Object, int, java.lang.Object, java.lang.Object)'> (0x00000000e3c4b8a8) 
thrown [s\src\hotspot\share\interpreter\linkResolver.cpp, line 759]
Event: 38.647 Thread 0x000001268208aa90 Exception <a 'java/lang/NoSuchMethodError'{0x00000000e3c5c730}: 'int java.lang.invoke.Invokers$Holder.linkToTargetMethod(java.lang.Object, java.lang.Object, java.lang.Object)'> (0x00000000e3c5c730) 
thrown [s\src\hotspot\share\interpreter\linkResolver.cpp, line 759]
Event: 39.098 Thread 0x000001268208aa90 Exception <a 'java/lang/NoSuchMethodError'{0x00000000e3717728}: 'java.lang.Object java.lang.invoke.DirectMethodHandle$Holder.invokeStaticInit(java.lang.Object, int, int, int, int)'> (0x00000000e3717728) 
thrown [s\src\hotspot\share\interpreter\linkResolver.cpp, line 759]
Event: 43.150 Thread 0x000001268208aa90 Exception <a 'java/lang/NoSuchMethodError'{0x00000000e37f41d0}: 'java.lang.Object java.lang.invoke.DirectMethodHandle$Holder.invokeStaticInit(java.lang.Object, java.lang.Object, int, int, int, int)'> (0x00000000e37f41d0) 
thrown [s\src\hotspot\share\interpreter\linkResolver.cpp, line 759]
Event: 44.215 Thread 0x000001268208aa90 Exception <a 'java/lang/NoSuchMethodError'{0x00000000e5793fa8}: 'void java.lang.invoke.DirectMethodHandle$Holder.invokeSpecialIFC(java.lang.Object, java.lang.Object, java.lang.Object)'> (0x00000000e5793fa8) 
thrown [s\src\hotspot\share\interpreter\linkResolver.cpp, line 759]
Event: 45.295 Thread 0x000001268208aa90 Exception <a 'java/lang/NoSuchMethodError'{0x00000000e36e8d38}: 'int java.lang.invoke.DirectMethodHandle$Holder.invokeStaticInit(java.lang.Object, java.lang.Object, int, java.lang.Object)'> (0x00000000e36e8d38) 
thrown [s\src\hotspot\share\interpreter\linkResolver.cpp, line 759]
Event: 45.508 Thread 0x000001268208aa90 Exception <a 'java/lang/NoSuchMethodError'{0x00000000e340df50}: 'void java.lang.invoke.DirectMethodHandle$Holder.invokeSpecial(java.lang.Object, java.lang.Object, java.lang.Object, java.lang.Object, java.lang.Object, java.lang.Object, java.lang.Object)'> (0x00000000e340df50) 
thrown [s\src\hotspot\share\interpreter\linkResolver.cpp, line 759]
Event: 46.113 Thread 0x000001268208aa90 Exception <a 'java/lang/NoSuchMethodError'{0x00000000e7d35910}: 'java.lang.Object java.lang.invoke.DirectMethodHandle$Holder.invokeInterface(java.lang.Object, java.lang.Object, int)'> (0x00000000e7d35910) 
thrown [s\src\hotspot\share\interpreter\linkResolver.cpp, line 759]
Event: 46.117 Thread 0x000001268208aa90 Exception <a 'java/lang/IncompatibleClassChangeError'{0x00000000e7d4c718}: Found class java.lang.Object, but interface was expected> (0x00000000e7d4c718) 
thrown [s\src\hotspot\share\interpreter\linkResolver.cpp, line 826]
Event: 46.688 Thread 0x000001268208aa90 Exception <a 'java/lang/NoSuchMethodError'{0x00000000e43edc88}: 'java.lang.Object java.lang.invoke.DirectMethodHandle$Holder.newInvokeSpecial(java.lang.Object, java.lang.Object, int, java.lang.Object, java.lang.Object)'> (0x00000000e43edc88) 
thrown [s\src\hotspot\share\interpreter\linkResolver.cpp, line 759]
Event: 46.691 Thread 0x000001268208aa90 Exception <a 'java/lang/NoSuchMethodError'{0x00000000e42024d0}: 'java.lang.Object java.lang.invoke.DirectMethodHandle$Holder.invokeSpecial(java.lang.Object, java.lang.Object, int, java.lang.Object, int, java.lang.Object)'> (0x00000000e42024d0) 
thrown [s\src\hotspot\share\interpreter\linkResolver.cpp, line 759]
Event: 46.692 Thread 0x000001268208aa90 Exception <a 'java/lang/NoSuchMethodError'{0x00000000e420a2d8}: 'java.lang.Object java.lang.invoke.DirectMethodHandle$Holder.newInvokeSpecial(java.lang.Object, java.lang.Object, int, java.lang.Object, int)'> (0x00000000e420a2d8) 
thrown [s\src\hotspot\share\interpreter\linkResolver.cpp, line 759]
Event: 46.692 Thread 0x000001268208aa90 Exception <a 'java/lang/NoSuchMethodError'{0x00000000e420e3d8}: 'java.lang.Object java.lang.invoke.DirectMethodHandle$Holder.invokeSpecial(java.lang.Object, java.lang.Object, java.lang.Object, int, java.lang.Object, int)'> (0x00000000e420e3d8) 
thrown [s\src\hotspot\share\interpreter\linkResolver.cpp, line 759]
Event: 48.012 Thread 0x00000126917a7520 Exception <a 'java/lang/NoSuchMethodError'{0x00000000e38f6fe0}: 'java.lang.Object java.lang.invoke.DirectMethodHandle$Holder.invokeStatic(java.lang.Object, int, java.lang.Object)'> (0x00000000e38f6fe0) 
thrown [s\src\hotspot\share\interpreter\linkResolver.cpp, line 759]
Event: 49.923 Thread 0x0000012691371060 Exception <a 'java/lang/NoSuchMethodError'{0x00000000e38bd180}: 'java.lang.Object java.lang.invoke.DirectMethodHandle$Holder.invokeStatic(java.lang.Object, java.lang.Object, java.lang.Object, int, java.lang.Object, java.lang.Object)'> (0x00000000e38bd180) 
thrown [s\src\hotspot\share\interpreter\linkResolver.cpp, line 759]
Event: 51.152 Thread 0x00000126914f5240 Exception <a 'java/lang/NoSuchMethodError'{0x00000000e32dfa18}: 'int java.lang.invoke.DirectMethodHandle$Holder.invokeStatic(java.lang.Object)'> (0x00000000e32dfa18) 
thrown [s\src\hotspot\share\interpreter\linkResolver.cpp, line 759]
Event: 51.153 Thread 0x00000126914f5240 Exception <a 'java/lang/NoSuchMethodError'{0x00000000e32e2e18}: 'int java.lang.invoke.DirectMethodHandle$Holder.invokeStaticInit(java.lang.Object)'> (0x00000000e32e2e18) 
thrown [s\src\hotspot\share\interpreter\linkResolver.cpp, line 759]
Event: 87.362 Thread 0x000001269056b870 Exception <a 'java/lang/NoSuchMethodError'{0x00000000e5602c90}: 'void java.lang.invoke.DirectMethodHandle$Holder.invokeStatic(java.lang.Object, long)'> (0x00000000e5602c90) 
thrown [s\src\hotspot\share\interpreter\linkResolver.cpp, line 759]
Event: 87.462 Thread 0x000001269056b870 Exception <a 'java/lang/NoSuchMethodError'{0x00000000e5608038}: 'java.lang.Object java.lang.invoke.DirectMethodHandle$Holder.newInvokeSpecial(java.lang.Object, long)'> (0x00000000e5608038) 
thrown [s\src\hotspot\share\interpreter\linkResolver.cpp, line 759]

VM Operations (20 events):
Event: 11733.457 Executing VM operation: G1CollectFull done
Event: 11743.957 Executing VM operation: G1CollectFull
Event: 11743.981 Executing VM operation: G1CollectFull done
Event: 11754.531 Executing VM operation: G1CollectFull
Event: 11754.561 Executing VM operation: G1CollectFull done
Event: 11765.289 Executing VM operation: G1CollectFull
Event: 11765.327 Executing VM operation: G1CollectFull done
Event: 11775.844 Executing VM operation: G1CollectFull
Event: 11775.894 Executing VM operation: G1CollectFull done
Event: 11786.298 Executing VM operation: G1CollectFull
Event: 11786.329 Executing VM operation: G1CollectFull done
Event: 11796.684 Executing VM operation: G1CollectFull
Event: 11796.716 Executing VM operation: G1CollectFull done
Event: 11807.145 Executing VM operation: G1CollectFull
Event: 11807.186 Executing VM operation: G1CollectFull done
Event: 11817.656 Executing VM operation: G1CollectFull
Event: 11817.709 Executing VM operation: G1CollectFull done
Event: 11828.078 Executing VM operation: G1CollectFull
Event: 11828.128 Executing VM operation: G1CollectFull done
Event: 11838.636 Executing VM operation: G1CollectFull

Events (20 events):
Event: 87.616 loading class java/lang/ProcessImpl$2 done
Event: 87.620 loading class java/lang/Process$PipeInputStream
Event: 87.622 loading class java/lang/Process$PipeInputStream done
Event: 88.231 loading class jdk/internal/event/ProcessStartEvent
Event: 88.236 loading class jdk/internal/event/ProcessStartEvent done
Event: 88.281 loading class java/io/FileOutputStream$1
Event: 88.283 loading class java/io/FileOutputStream$1 done
Event: 113.113 Thread 0x00000126914f29c0 Thread exited: 0x00000126914f29c0
Event: 113.131 Thread 0x000001269168f740 Thread exited: 0x000001269168f740
Event: 114.636 Thread 0x0000012691690b80 Thread exited: 0x0000012691690b80
Event: 8471.042 Thread 0x00000126914f29c0 Thread added: 0x00000126914f29c0
Event: 8531.259 Thread 0x00000126914f29c0 Thread exited: 0x00000126914f29c0
Event: 8614.417 Thread 0x00000126914f29c0 Thread added: 0x00000126914f29c0
Event: 8614.422 Thread 0x0000012690d58f70 Thread added: 0x0000012690d58f70
Event: 8614.429 Thread 0x0000012690d54890 Thread added: 0x0000012690d54890
Event: 8614.439 loading class java/util/logging/LogRecord
Event: 8614.441 loading class java/util/logging/LogRecord done
Event: 8674.462 Thread 0x0000012690d54890 Thread exited: 0x0000012690d54890
Event: 8710.626 Thread 0x00000126914f29c0 Thread exited: 0x00000126914f29c0
Event: 8710.636 Thread 0x0000012690d58f70 Thread exited: 0x0000012690d58f70


Dynamic libraries:
0x00007ff772920000 - 0x00007ff77292e000 	c:\Users\mummi\.vscode\extensions\redhat.java-1.31.0-win32-x64\jre\17.0.11-win32-x86_64\bin\java.exe
0x00007fffed850000 - 0x00007fffeda67000 	C:\WINDOWS\SYSTEM32\ntdll.dll
0x00007fffec270000 - 0x00007fffec334000 	C:\WINDOWS\System32\KERNEL32.DLL
0x00007fffeaf60000 - 0x00007fffeb307000 	C:\WINDOWS\System32\KERNELBASE.dll
0x00007fffeb400000 - 0x00007fffeb511000 	C:\WINDOWS\System32\ucrtbase.dll
0x00007fffb29c0000 - 0x00007fffb29d7000 	c:\Users\mummi\.vscode\extensions\redhat.java-1.31.0-win32-x64\jre\17.0.11-win32-x86_64\bin\jli.dll
0x00007fffed050000 - 0x00007fffed1fe000 	C:\WINDOWS\System32\USER32.dll
0x00007fffeb550000 - 0x00007fffeb576000 	C:\WINDOWS\System32\win32u.dll
0x00007fffebbe0000 - 0x00007fffebc09000 	C:\WINDOWS\System32\GDI32.dll
0x00007fffeae40000 - 0x00007fffeaf59000 	C:\WINDOWS\System32\gdi32full.dll
0x00007fffeac30000 - 0x00007fffeacca000 	C:\WINDOWS\System32\msvcp_win.dll
0x00007fffb29e0000 - 0x00007fffb29fb000 	c:\Users\mummi\.vscode\extensions\redhat.java-1.31.0-win32-x64\jre\17.0.11-win32-x86_64\bin\VCRUNTIME140.dll
0x00007fffcd780000 - 0x00007fffcda13000 	C:\WINDOWS\WinSxS\amd64_microsoft.windows.common-controls_6595b64144ccf1df_6.0.22621.3527_none_270e469b73872a76\COMCTL32.dll
0x00007fffed200000 - 0x00007fffed2a7000 	C:\WINDOWS\System32\msvcrt.dll
0x00007fffed460000 - 0x00007fffed491000 	C:\WINDOWS\System32\IMM32.DLL
0x00007fffca490000 - 0x00007fffca49c000 	c:\Users\mummi\.vscode\extensions\redhat.java-1.31.0-win32-x64\jre\17.0.11-win32-x86_64\bin\vcruntime140_1.dll
0x00007fffa10d0000 - 0x00007fffa115d000 	c:\Users\mummi\.vscode\extensions\redhat.java-1.31.0-win32-x64\jre\17.0.11-win32-x86_64\bin\msvcp140.dll
0x00007fff54bc0000 - 0x00007fff55822000 	c:\Users\mummi\.vscode\extensions\redhat.java-1.31.0-win32-x64\jre\17.0.11-win32-x86_64\bin\server\jvm.dll
0x00007fffec1b0000 - 0x00007fffec262000 	C:\WINDOWS\System32\ADVAPI32.dll
0x00007fffeb910000 - 0x00007fffeb9b8000 	C:\WINDOWS\System32\sechost.dll
0x00007fffeb520000 - 0x00007fffeb548000 	C:\WINDOWS\System32\bcrypt.dll
0x00007fffecf30000 - 0x00007fffed045000 	C:\WINDOWS\System32\RPCRT4.dll
0x00007fffea980000 - 0x00007fffea9cd000 	C:\WINDOWS\SYSTEM32\POWRPROF.dll
0x00007fffca1d0000 - 0x00007fffca1d9000 	C:\WINDOWS\SYSTEM32\WSOCK32.dll
0x00007fffebc10000 - 0x00007fffebc81000 	C:\WINDOWS\System32\WS2_32.dll
0x00007fffe0bb0000 - 0x00007fffe0be4000 	C:\WINDOWS\SYSTEM32\WINMM.dll
0x00007fffdede0000 - 0x00007fffdedea000 	C:\WINDOWS\SYSTEM32\VERSION.dll
0x00007fffea860000 - 0x00007fffea873000 	C:\WINDOWS\SYSTEM32\UMPDC.dll
0x00007fffe9b60000 - 0x00007fffe9b78000 	C:\WINDOWS\SYSTEM32\kernel.appcore.dll
0x00007fffc97a0000 - 0x00007fffc97aa000 	c:\Users\mummi\.vscode\extensions\redhat.java-1.31.0-win32-x64\jre\17.0.11-win32-x86_64\bin\jimage.dll
0x00007fffe7ea0000 - 0x00007fffe80d2000 	C:\WINDOWS\SYSTEM32\DBGHELP.DLL
0x00007fffeb580000 - 0x00007fffeb908000 	C:\WINDOWS\System32\combase.dll
0x00007fffec460000 - 0x00007fffec537000 	C:\WINDOWS\System32\OLEAUT32.dll
0x00007fffc6a10000 - 0x00007fffc6a42000 	C:\WINDOWS\SYSTEM32\dbgcore.DLL
0x00007fffeb310000 - 0x00007fffeb389000 	C:\WINDOWS\System32\bcryptPrimitives.dll
0x00007fffabc80000 - 0x00007fffabca5000 	c:\Users\mummi\.vscode\extensions\redhat.java-1.31.0-win32-x64\jre\17.0.11-win32-x86_64\bin\java.dll
0x00007fffb28e0000 - 0x00007fffb28f8000 	c:\Users\mummi\.vscode\extensions\redhat.java-1.31.0-win32-x64\jre\17.0.11-win32-x86_64\bin\zip.dll
0x00007fffec540000 - 0x00007fffecd9c000 	C:\WINDOWS\System32\SHELL32.dll
0x00007fffe8a60000 - 0x00007fffe9356000 	C:\WINDOWS\SYSTEM32\windows.storage.dll
0x00007fffe8920000 - 0x00007fffe8a5e000 	C:\WINDOWS\SYSTEM32\wintypes.dll
0x00007fffed2b0000 - 0x00007fffed3a5000 	C:\WINDOWS\System32\SHCORE.dll
0x00007fffec400000 - 0x00007fffec45e000 	C:\WINDOWS\System32\shlwapi.dll
0x00007fffeaaa0000 - 0x00007fffeaac1000 	C:\WINDOWS\SYSTEM32\profapi.dll
0x00007fffb0ee0000 - 0x00007fffb0ef9000 	C:\Users\mummi\.vscode\extensions\redhat.java-1.31.0-win32-x64\jre\17.0.11-win32-x86_64\bin\net.dll
0x00007fffe2fa0000 - 0x00007fffe30d6000 	C:\WINDOWS\SYSTEM32\WINHTTP.dll
0x00007fffe9fc0000 - 0x00007fffea029000 	C:\WINDOWS\system32\mswsock.dll
0x00007fffb0a30000 - 0x00007fffb0a46000 	C:\Users\mummi\.vscode\extensions\redhat.java-1.31.0-win32-x64\jre\17.0.11-win32-x86_64\bin\nio.dll
0x00007fffc72a0000 - 0x00007fffc72b0000 	c:\Users\mummi\.vscode\extensions\redhat.java-1.31.0-win32-x64\jre\17.0.11-win32-x86_64\bin\verify.dll
0x00007fffea200000 - 0x00007fffea21b000 	C:\WINDOWS\SYSTEM32\CRYPTSP.dll
0x00007fffe9ac0000 - 0x00007fffe9af5000 	C:\WINDOWS\system32\rsaenh.dll
0x00007fffea0a0000 - 0x00007fffea0c8000 	C:\WINDOWS\SYSTEM32\USERENV.dll
0x00007fffea220000 - 0x00007fffea22c000 	C:\WINDOWS\SYSTEM32\CRYPTBASE.dll
0x00007fffe9600000 - 0x00007fffe962d000 	C:\WINDOWS\SYSTEM32\IPHLPAPI.DLL
0x00007fffec350000 - 0x00007fffec359000 	C:\WINDOWS\System32\NSI.dll
0x00007fffe42b0000 - 0x00007fffe42c9000 	C:\WINDOWS\SYSTEM32\dhcpcsvc6.DLL
0x00007fffe2f80000 - 0x00007fffe2f9f000 	C:\WINDOWS\SYSTEM32\dhcpcsvc.DLL
0x00007fffe9680000 - 0x00007fffe9778000 	C:\WINDOWS\SYSTEM32\DNSAPI.dll
0x00007fffcdac0000 - 0x00007fffcdac9000 	C:\Users\mummi\.vscode\extensions\redhat.java-1.31.0-win32-x64\jre\17.0.11-win32-x86_64\bin\management.dll
0x00007fffca4d0000 - 0x00007fffca4db000 	C:\Users\mummi\.vscode\extensions\redhat.java-1.31.0-win32-x64\jre\17.0.11-win32-x86_64\bin\management_ext.dll
0x00007fffecda0000 - 0x00007fffecda8000 	C:\WINDOWS\System32\PSAPI.DLL

dbghelp: loaded successfully - version: 4.0.5 - missing functions: none
symbol engine: initialized successfully - sym options: 0x614 - pdb path: .;c:\Users\mummi\.vscode\extensions\redhat.java-1.31.0-win32-x64\jre\17.0.11-win32-x86_64\bin;C:\WINDOWS\SYSTEM32;C:\WINDOWS\WinSxS\amd64_microsoft.windows.common-controls_6595b64144ccf1df_6.0.22621.3527_none_270e469b73872a76;c:\Users\mummi\.vscode\extensions\redhat.java-1.31.0-win32-x64\jre\17.0.11-win32-x86_64\bin\server

VM Arguments:
jvm_args: -Xmx1024m -Dsts.lsp.client=vscode -Dsts.log.file=/dev/null -XX:TieredStopAtLevel=1 -Xlog:jni+resolve=off -Dspring.config.location=file:c:\Users\mummi\.vscode\extensions\vmware.vscode-spring-boot-1.55.0\language-server\BOOT-INF\classes\application.properties -Xmx512M 
java_command: org.springframework.ide.vscode.boot.app.BootLanguageServerBootApp
java_class_path (initial): c:\Users\mummi\.vscode\extensions\vmware.vscode-spring-boot-1.55.0\language-server\BOOT-INF\classes;c:\Users\mummi\.vscode\extensions\vmware.vscode-spring-boot-1.55.0\language-server\BOOT-INF\lib\annotations-24.1.0.jar;c:\Users\mummi\.vscode\extensions\vmware.vscode-spring-boot-1.55.0\language-server\BOOT-INF\lib\antlr4-runtime-4.13.1.jar;c:\Users\mummi\.vscode\extensions\vmware.vscode-spring-boot-1.55.0\language-server\BOOT-INF\lib\asm-9.7.jar;c:\Users\mummi\.vscode\extensions\vmware.vscode-spring-boot-1.55.0\language-server\BOOT-INF\lib\asm-analysis-9.7.jar;c:\Users\mummi\.vscode\extensions\vmware.vscode-spring-boot-1.55.0\language-server\BOOT-INF\lib\asm-tree-9.7.jar;c:\Users\mummi\.vscode\extensions\vmware.vscode-spring-boot-1.55.0\language-server\BOOT-INF\lib\asm-util-9.7.jar;c:\Users\mummi\.vscode\extensions\vmware.vscode-spring-boot-1.55.0\language-server\BOOT-INF\lib\caffeine-3.1.8.jar;c:\Users\mummi\.vscode\extensions\vmware.vscode-spring-boot-1.55.0\language-server\BOOT-INF\lib\checker-qual-3.12.0.jar;c:\Users\mummi\.vscode\extensions\vmware.vscode-spring-boot-1.55.0\language-server\BOOT-INF\lib\classgraph-4.8.149.jar;c:\Users\mummi\.vscode\extensions\vmware.vscode-spring-boot-1.55.0\language-server\BOOT-INF\lib\commons-codec-1.16.1.jar;c:\Users\mummi\.vscode\extensions\vmware.vscode-spring-boot-1.55.0\language-server\BOOT-INF\lib\commons-compress-1.26.1.jar;c:\Users\mummi\.vscode\extensions\vmware.vscode-spring-boot-1.55.0\language-server\BOOT-INF\lib\commons-io-2.16.1.jar;c:\Users\mummi\.vscode\extensions\vmware.vscode-spring-boot-1.55.0\language-server\BOOT-INF\lib\commons-java-1.55.0-SNAPSHOT.jar;c:\Users\mummi\.vscode\extensions\vmware.vscode-spring-boot-1.55.0\language-server\BOOT-INF\lib\commons-lang3-3.14.0.jar;c:\Users\mummi\.vscode\extensions\vmware.vscode-spring-boot-1.55.0\language-server\BOOT-INF\lib\commons-language-server-1.55.0-SNAPSHOT.jar;c:\Users\mummi\.vscode\extensions\vmware.vscode-spring-boot-1.55.0\langu
Launcher Type: SUN_STANDARD

[Global flags]
     intx CICompilerCount                          = 4                                         {product} {ergonomic}
     uint ConcGCThreads                            = 2                                         {product} {ergonomic}
     uint G1ConcRefinementThreads                  = 8                                         {product} {ergonomic}
   size_t G1HeapRegionSize                         = 1048576                                   {product} {ergonomic}
    uintx GCDrainStackTargetSize                   = 64                                        {product} {ergonomic}
   size_t InitialHeapSize                          = 132120576                                 {product} {ergonomic}
   size_t MarkStackSize                            = 4194304                                   {product} {ergonomic}
   size_t MaxHeapSize                              = 536870912                                 {product} {command line}
   size_t MaxNewSize                               = 321912832                                 {product} {ergonomic}
   size_t MinHeapDeltaBytes                        = 1048576                                   {product} {ergonomic}
   size_t MinHeapSize                              = 8388608                                   {product} {ergonomic}
    uintx NonProfiledCodeHeapSize                  = 0                                      {pd product} {ergonomic}
     bool ProfileInterpreter                       = false                                  {pd product} {command line}
    uintx ProfiledCodeHeapSize                     = 0                                      {pd product} {ergonomic}
   size_t SoftMaxHeapSize                          = 536870912                              {manageable} {ergonomic}
     intx TieredStopAtLevel                        = 1                                         {product} {command line}
     bool UseCompressedClassPointers               = true                           {product lp64_product} {ergonomic}
     bool UseCompressedOops                        = true                           {product lp64_product} {ergonomic}
     bool UseG1GC                                  = true                                      {product} {ergonomic}
     bool UseLargePagesIndividualAllocation        = false                                  {pd product} {ergonomic}

Logging:
Log output configuration:
 #0: stdout all=warning,jni+resolve=off uptime,level,tags
 #1: stderr all=off uptime,level,tags

Environment Variables:
JAVA_HOME=C:\Program Files\Java\jdk-17
_JAVA_OPTIONS=-Xmx512M
CLASSPATH=C:\mysql-connector-java-8.0.30.jar;.;
PATH=C:\Program Files (x86)\Falcon\MinGW\bin;C:\Program Files\Common Files\Oracle\Java\javapath;C:\WINDOWS\system32;C:\WINDOWS;C:\WINDOWS\System32\Wbem;C:\WINDOWS\System32\WindowsPowerShell\v1.0\;C:\WINDOWS\System32\OpenSSH\;C:\Program Files\nodejs\;C:\Users\mummi\Downloads\apache-maven-3.8.8-bin\apache-maven-3.8.8\bin;C:\Program Files\Java\jdk-17\bin;C:\Program Files\Git\cmd;C:\Program Files\Docker\Docker\resources\bin;C:\Users\mummi\AppData\Local\Programs\Python\Python311\Scripts\;C:\Users\mummi\AppData\Local\Programs\Python\Python311\;C:\Program Files\MySQL\MySQL Shell 8.0\bin\;C:\Users\mummi\AppData\Local\Microsoft\WindowsApps;C:\Program Files\JetBrains\IntelliJ IDEA Community Edition 2022.2.1\bin;;C:\Users\mummi\AppData\Local\Programs\Microsoft VS Code\bin;C:\Program Files\Java\jdk-18.0.2\lib;C:\Users\mummi\AppData\Roaming\npm
USERNAME=mummi
OS=Windows_NT
PROCESSOR_IDENTIFIER=Intel64 Family 6 Model 140 Stepping 2, GenuineIntel
TMP=C:\Users\mummi\AppData\Local\Temp
TEMP=C:\Users\mummi\AppData\Local\Temp



Periodic native trim disabled


---------------  S Y S T E M  ---------------

OS:
 Windows 11 , 64 bit Build 22621 (10.0.22621.3527)
OS uptime: 4 days 21:57 hours
Hyper-V role detected

CPU: total 8 (initial active 8) (4 cores per cpu, 2 threads per core) family 6 model 140 stepping 2 microcode 0x2c, cx8, cmov, fxsr, ht, mmx, 3dnowpref, sse, sse2, sse3, ssse3, sse4.1, sse4.2, popcnt, lzcnt, tsc, tscinvbit, avx, avx2, aes, erms, clmul, bmi1, bmi2, adx, avx512f, avx512dq, avx512cd, avx512bw, avx512vl, sha, fma, vzeroupper, avx512_vpopcntdq, avx512_vpclmulqdq, avx512_vaes, avx512_vnni, clflush, clflushopt, clwb, avx512_vbmi2, avx512_vbmi, hv
Processor Information for processor 0
  Max Mhz: 2496, Current Mhz: 2496, Mhz Limit: 2496
Processor Information for processor 1
  Max Mhz: 2496, Current Mhz: 2496, Mhz Limit: 2496
Processor Information for processor 2
  Max Mhz: 2496, Current Mhz: 2496, Mhz Limit: 2496
Processor Information for processor 3
  Max Mhz: 2496, Current Mhz: 2496, Mhz Limit: 2496
Processor Information for processor 4
  Max Mhz: 2496, Current Mhz: 2496, Mhz Limit: 2496
Processor Information for processor 5
  Max Mhz: 2496, Current Mhz: 998, Mhz Limit: 2496
Processor Information for processor 6
  Max Mhz: 2496, Current Mhz: 2496, Mhz Limit: 2496
Processor Information for processor 7
  Max Mhz: 2496, Current Mhz: 2496, Mhz Limit: 2496

Memory: 4k page, system-wide physical 7941M (331M free)
TotalPageFile size 30357M (AvailPageFile size 330M)
current process WorkingSet (physical memory assigned to process): 40M, peak: 131M
current process commit charge ("private bytes"): 210M, peak: 230M

vm_info: OpenJDK 64-Bit Server VM (17.0.11+9) for windows-amd64 JRE (17.0.11+9), built on Apr 17 2024 06:07:48 by "admin" with MS VC++ 16.10 / 16.11 (VS2019)

END.
