#
# There is insufficient memory for the Java Runtime Environment to continue.
# Native memory allocation (malloc) failed to allocate 1699216 bytes for Chunk::new
# Possible reasons:
#   The system is out of physical RAM or swap space
#   The process is running with CompressedOops enabled, and the Java Heap may be blocking the growth of the native heap
# Possible solutions:
#   Reduce memory load on the system
#   Increase physical memory or swap space
#   Check if swap backing store is full
#   Decrease Java heap size (-Xmx/-Xms)
#   Decrease number of Java threads
#   Decrease Java thread stack sizes (-Xss)
#   Set larger code cache with -XX:ReservedCodeCacheSize=
#   JVM is running with Unscaled Compressed Oops mode in which the Java heap is
#     placed in the first 4GB address space. The Java Heap base address is the
#     maximum limit for the native heap growth. Please use -XX:HeapBaseMinAddress
#     to set the Java Heap base and to place the Java Heap above 4GB virtual address.
# This output file may be truncated or incomplete.
#
#  Out of Memory Error (arena.cpp:189), pid=40628, tid=30204
#
# JRE version: Java(TM) SE Runtime Environment (17.0.9+11) (build 17.0.9+11-LTS-201)
# Java VM: Java HotSpot(TM) 64-Bit Server VM (17.0.9+11-LTS-201, mixed mode, sharing, tiered, compressed oops, compressed class ptrs, g1 gc, windows-amd64)
# No core dump will be written. Minidumps are not enabled by default on client versions of Windows
#

---------------  S U M M A R Y ------------

Command Line: -XX:+ShowCodeDetailsInExceptionMessages -Xmx512M com.SupplyChainOptimization.Supply_Chain_Analytics.SupplyChainAnalyticsApplication

Host: 11th Gen Intel(R) Core(TM) i5-1155G7 @ 2.50GHz, 8 cores, 7G,  Windows 11 , 64 bit Build 22621 (10.0.22621.3527)
Time: Mon Jun 17 16:01:33 2024 India Standard Time elapsed time: 2.505729 seconds (0d 0h 0m 2s)

---------------  T H R E A D  ---------------

Current thread (0x000001c2a212d3b0):  JavaThread "C2 CompilerThread1" daemon [_thread_in_native, id=30204, stack(0x0000008922400000,0x0000008922500000)]


Current CompileTask:
C2:   2506 1835       4       jdk.internal.org.objectweb.asm.Frame::execute (2305 bytes)

Stack: [0x0000008922400000,0x0000008922500000]
Native frames: (J=compiled Java code, j=interpreted, Vv=VM code, C=native code)
V  [jvm.dll+0x678a4a]
V  [jvm.dll+0x7d9cfd]
V  [jvm.dll+0x7db60e]
V  [jvm.dll+0x7dbc73]
V  [jvm.dll+0x245e1f]
V  [jvm.dll+0xaaafb]
V  [jvm.dll+0xab09c]
V  [jvm.dll+0x36232f]
V  [jvm.dll+0x32ca01]
V  [jvm.dll+0x32be9a]
V  [jvm.dll+0x21812f]
V  [jvm.dll+0x217561]
V  [jvm.dll+0x1a3bc0]
V  [jvm.dll+0x2272de]
V  [jvm.dll+0x22548b]
V  [jvm.dll+0x78f58c]
V  [jvm.dll+0x78998a]
V  [jvm.dll+0x677875]
C  [ucrtbase.dll+0x29333]
C  [KERNEL32.DLL+0x1257d]
C  [ntdll.dll+0x5aa48]


---------------  P R O C E S S  ---------------

Threads class SMR info:
_java_thread_list=0x000001c2a336b830, length=14, elements={
0x000001c2425472e0, 0x000001c25ce1bc40, 0x000001c25ce1c710, 0x000001c25ce327f0,
0x000001c25ce332c0, 0x000001c25ce37bb0, 0x000001c25ce38480, 0x000001c25ce3b090,
0x000001c25ce48f70, 0x000001c25ce49880, 0x000001c2a20dfea0, 0x000001c2a20eab60,
0x000001c2a212d3b0, 0x000001c2a32d2d60
}

Java Threads: ( => current thread )
  0x000001c2425472e0 JavaThread "main" [_thread_in_native, id=8288, stack(0x0000008921100000,0x0000008921200000)]
  0x000001c25ce1bc40 JavaThread "Reference Handler" daemon [_thread_blocked, id=34716, stack(0x0000008921800000,0x0000008921900000)]
  0x000001c25ce1c710 JavaThread "Finalizer" daemon [_thread_blocked, id=29588, stack(0x0000008921900000,0x0000008921a00000)]
  0x000001c25ce327f0 JavaThread "Signal Dispatcher" daemon [_thread_blocked, id=24748, stack(0x0000008921a00000,0x0000008921b00000)]
  0x000001c25ce332c0 JavaThread "Attach Listener" daemon [_thread_blocked, id=10280, stack(0x0000008921b00000,0x0000008921c00000)]
  0x000001c25ce37bb0 JavaThread "Service Thread" daemon [_thread_blocked, id=2560, stack(0x0000008921c00000,0x0000008921d00000)]
  0x000001c25ce38480 JavaThread "Monitor Deflation Thread" daemon [_thread_blocked, id=3548, stack(0x0000008921d00000,0x0000008921e00000)]
  0x000001c25ce3b090 JavaThread "C2 CompilerThread0" daemon [_thread_blocked, id=25900, stack(0x0000008921e00000,0x0000008921f00000)]
  0x000001c25ce48f70 JavaThread "C1 CompilerThread0" daemon [_thread_blocked, id=18912, stack(0x0000008921f00000,0x0000008922000000)]
  0x000001c25ce49880 JavaThread "Sweeper thread" daemon [_thread_blocked, id=27584, stack(0x0000008922000000,0x0000008922100000)]
  0x000001c2a20dfea0 JavaThread "Notification Thread" daemon [_thread_blocked, id=11052, stack(0x0000008922100000,0x0000008922200000)]
  0x000001c2a20eab60 JavaThread "Common-Cleaner" daemon [_thread_blocked, id=24336, stack(0x0000008922300000,0x0000008922400000)]
=>0x000001c2a212d3b0 JavaThread "C2 CompilerThread1" daemon [_thread_in_native, id=30204, stack(0x0000008922400000,0x0000008922500000)]
  0x000001c2a32d2d60 JavaThread "background-preinit" [_thread_in_native, id=40884, stack(0x0000008922900000,0x0000008922a00000)]

Other Threads:
  0x000001c25ce17280 VMThread "VM Thread" [stack: 0x0000008921700000,0x0000008921800000] [id=15004]
  0x000001c2425e2a00 WatcherThread [stack: 0x0000008922200000,0x0000008922300000] [id=27668]
  0x000001c24257cf40 GCTaskThread "GC Thread#0" [stack: 0x0000008921200000,0x0000008921300000] [id=39876]
  0x000001c2a2fedf20 GCTaskThread "GC Thread#1" [stack: 0x0000008922500000,0x0000008922600000] [id=5644]
  0x000001c2a2fa93d0 GCTaskThread "GC Thread#2" [stack: 0x0000008922600000,0x0000008922700000] [id=37876]
  0x000001c2a2a39510 GCTaskThread "GC Thread#3" [stack: 0x0000008922700000,0x0000008922800000] [id=35528]
  0x000001c2a2a397d0 GCTaskThread "GC Thread#4" [stack: 0x0000008922800000,0x0000008922900000] [id=16280]
  0x000001c2a3c0d700 GCTaskThread "GC Thread#5" [stack: 0x0000008922a00000,0x0000008922b00000] [id=30304]
  0x000001c2a3359200 GCTaskThread "GC Thread#6" [stack: 0x0000008922b00000,0x0000008922c00000] [id=14956]
  0x000001c2a323b3d0 GCTaskThread "GC Thread#7" [stack: 0x0000008922c00000,0x0000008922d00000] [id=33988]
  0x000001c242580d90 ConcurrentGCThread "G1 Main Marker" [stack: 0x0000008921300000,0x0000008921400000] [id=10996]
  0x000001c2425826c0 ConcurrentGCThread "G1 Conc#0" [stack: 0x0000008921400000,0x0000008921500000] [id=29176]
  0x000001c2425fdf90 ConcurrentGCThread "G1 Refine#0" [stack: 0x0000008921500000,0x0000008921600000] [id=32164]
  0x000001c2425fe8d0 ConcurrentGCThread "G1 Service" [stack: 0x0000008921600000,0x0000008921700000] [id=43964]

Threads with active compile tasks:
C2 CompilerThread1     2550 1835       4       jdk.internal.org.objectweb.asm.Frame::execute (2305 bytes)

VM state: not at safepoint (normal execution)

VM Mutex/Monitor currently owned by a thread: None

Heap address: 0x00000000e0000000, size: 512 MB, Compressed Oops mode: 32-bit

CDS archive(s) mapped at: [0x000001c25d000000-0x000001c25dbd0000-0x000001c25dbd0000), size 12386304, SharedBaseAddress: 0x000001c25d000000, ArchiveRelocationMode: 1.
Compressed class space mapped at: 0x000001c25e000000-0x000001c29e000000, reserved size: 1073741824
Narrow klass base: 0x000001c25d000000, Narrow klass shift: 0, Narrow klass range: 0x100000000

GC Precious Log:
 CPUs: 8 total, 8 available
 Memory: 7941M
 Large Page Support: Disabled
 NUMA Support: Disabled
 Compressed Oops: Enabled (32-bit)
 Heap Region Size: 1M
 Heap Min Capacity: 8M
 Heap Initial Capacity: 126M
 Heap Max Capacity: 512M
 Pre-touch: Disabled
 Parallel Workers: 8
 Concurrent Workers: 2
 Concurrent Refinement Workers: 8
 Periodic GC: Disabled

Heap:
 garbage-first heap   total 129024K, used 18022K [0x00000000e0000000, 0x0000000100000000)
  region size 1024K, 11 young (11264K), 2 survivors (2048K)
 Metaspace       used 13579K, committed 13760K, reserved 1114112K
  class space    used 1662K, committed 1728K, reserved 1048576K

Heap Regions: E=young(eden), S=young(survivor), O=old, HS=humongous(starts), HC=humongous(continues), CS=collection set, F=free, OA=open archive, CA=closed archive, TAMS=top-at-mark-start (previous, next)
|   0|0x00000000e0000000, 0x00000000e0100000, 0x00000000e0100000|100%|HS|  |TAMS 0x00000000e0000000, 0x00000000e0000000| Complete 
|   1|0x00000000e0100000, 0x00000000e0200000, 0x00000000e0200000|100%|HS|  |TAMS 0x00000000e0100000, 0x00000000e0100000| Complete 
|   2|0x00000000e0200000, 0x00000000e0300000, 0x00000000e0300000|100%| O|  |TAMS 0x00000000e0200000, 0x00000000e0200000| Untracked 
|   3|0x00000000e0300000, 0x00000000e0400000, 0x00000000e0400000|100%| O|  |TAMS 0x00000000e0300000, 0x00000000e0300000| Untracked 
|   4|0x00000000e0400000, 0x00000000e0500000, 0x00000000e0500000|100%| O|  |TAMS 0x00000000e0400000, 0x00000000e0400000| Untracked 
|   5|0x00000000e0500000, 0x00000000e0600000, 0x00000000e0600000|100%| O|  |TAMS 0x00000000e0500000, 0x00000000e0500000| Untracked 
|   6|0x00000000e0600000, 0x00000000e0700000, 0x00000000e0700000|100%| O|  |TAMS 0x00000000e0600000, 0x00000000e0600000| Untracked 
|   7|0x00000000e0700000, 0x00000000e0800000, 0x00000000e0800000|100%| O|  |TAMS 0x00000000e0700000, 0x00000000e0700000| Untracked 
|   8|0x00000000e0800000, 0x00000000e08cf000, 0x00000000e0900000| 80%| O|  |TAMS 0x00000000e0800000, 0x00000000e0800000| Untracked 
|   9|0x00000000e0900000, 0x00000000e0900000, 0x00000000e0a00000|  0%| F|  |TAMS 0x00000000e0900000, 0x00000000e0900000| Untracked 
|  10|0x00000000e0a00000, 0x00000000e0a00000, 0x00000000e0b00000|  0%| F|  |TAMS 0x00000000e0a00000, 0x00000000e0a00000| Untracked 
|  11|0x00000000e0b00000, 0x00000000e0b00000, 0x00000000e0c00000|  0%| F|  |TAMS 0x00000000e0b00000, 0x00000000e0b00000| Untracked 
|  12|0x00000000e0c00000, 0x00000000e0c00000, 0x00000000e0d00000|  0%| F|  |TAMS 0x00000000e0c00000, 0x00000000e0c00000| Untracked 
|  13|0x00000000e0d00000, 0x00000000e0d00000, 0x00000000e0e00000|  0%| F|  |TAMS 0x00000000e0d00000, 0x00000000e0d00000| Untracked 
|  14|0x00000000e0e00000, 0x00000000e0e00000, 0x00000000e0f00000|  0%| F|  |TAMS 0x00000000e0e00000, 0x00000000e0e00000| Untracked 
|  15|0x00000000e0f00000, 0x00000000e0f00000, 0x00000000e1000000|  0%| F|  |TAMS 0x00000000e0f00000, 0x00000000e0f00000| Untracked 
|  16|0x00000000e1000000, 0x00000000e1000000, 0x00000000e1100000|  0%| F|  |TAMS 0x00000000e1000000, 0x00000000e1000000| Untracked 
|  17|0x00000000e1100000, 0x00000000e1100000, 0x00000000e1200000|  0%| F|  |TAMS 0x00000000e1100000, 0x00000000e1100000| Untracked 
|  18|0x00000000e1200000, 0x00000000e1200000, 0x00000000e1300000|  0%| F|  |TAMS 0x00000000e1200000, 0x00000000e1200000| Untracked 
|  19|0x00000000e1300000, 0x00000000e1300000, 0x00000000e1400000|  0%| F|  |TAMS 0x00000000e1300000, 0x00000000e1300000| Untracked 
|  20|0x00000000e1400000, 0x00000000e1400000, 0x00000000e1500000|  0%| F|  |TAMS 0x00000000e1400000, 0x00000000e1400000| Untracked 
|  21|0x00000000e1500000, 0x00000000e1500000, 0x00000000e1600000|  0%| F|  |TAMS 0x00000000e1500000, 0x00000000e1500000| Untracked 
|  22|0x00000000e1600000, 0x00000000e1600000, 0x00000000e1700000|  0%| F|  |TAMS 0x00000000e1600000, 0x00000000e1600000| Untracked 
|  23|0x00000000e1700000, 0x00000000e1700000, 0x00000000e1800000|  0%| F|  |TAMS 0x00000000e1700000, 0x00000000e1700000| Untracked 
|  24|0x00000000e1800000, 0x00000000e1800000, 0x00000000e1900000|  0%| F|  |TAMS 0x00000000e1800000, 0x00000000e1800000| Untracked 
|  25|0x00000000e1900000, 0x00000000e1900000, 0x00000000e1a00000|  0%| F|  |TAMS 0x00000000e1900000, 0x00000000e1900000| Untracked 
|  26|0x00000000e1a00000, 0x00000000e1a00000, 0x00000000e1b00000|  0%| F|  |TAMS 0x00000000e1a00000, 0x00000000e1a00000| Untracked 
|  27|0x00000000e1b00000, 0x00000000e1b00000, 0x00000000e1c00000|  0%| F|  |TAMS 0x00000000e1b00000, 0x00000000e1b00000| Untracked 
|  28|0x00000000e1c00000, 0x00000000e1c00000, 0x00000000e1d00000|  0%| F|  |TAMS 0x00000000e1c00000, 0x00000000e1c00000| Untracked 
|  29|0x00000000e1d00000, 0x00000000e1d00000, 0x00000000e1e00000|  0%| F|  |TAMS 0x00000000e1d00000, 0x00000000e1d00000| Untracked 
|  30|0x00000000e1e00000, 0x00000000e1e00000, 0x00000000e1f00000|  0%| F|  |TAMS 0x00000000e1e00000, 0x00000000e1e00000| Untracked 
|  31|0x00000000e1f00000, 0x00000000e1f00000, 0x00000000e2000000|  0%| F|  |TAMS 0x00000000e1f00000, 0x00000000e1f00000| Untracked 
|  32|0x00000000e2000000, 0x00000000e2000000, 0x00000000e2100000|  0%| F|  |TAMS 0x00000000e2000000, 0x00000000e2000000| Untracked 
|  33|0x00000000e2100000, 0x00000000e2100000, 0x00000000e2200000|  0%| F|  |TAMS 0x00000000e2100000, 0x00000000e2100000| Untracked 
|  34|0x00000000e2200000, 0x00000000e2200000, 0x00000000e2300000|  0%| F|  |TAMS 0x00000000e2200000, 0x00000000e2200000| Untracked 
|  35|0x00000000e2300000, 0x00000000e2300000, 0x00000000e2400000|  0%| F|  |TAMS 0x00000000e2300000, 0x00000000e2300000| Untracked 
|  36|0x00000000e2400000, 0x00000000e2400000, 0x00000000e2500000|  0%| F|  |TAMS 0x00000000e2400000, 0x00000000e2400000| Untracked 
|  37|0x00000000e2500000, 0x00000000e2500000, 0x00000000e2600000|  0%| F|  |TAMS 0x00000000e2500000, 0x00000000e2500000| Untracked 
|  38|0x00000000e2600000, 0x00000000e2600000, 0x00000000e2700000|  0%| F|  |TAMS 0x00000000e2600000, 0x00000000e2600000| Untracked 
|  39|0x00000000e2700000, 0x00000000e2700000, 0x00000000e2800000|  0%| F|  |TAMS 0x00000000e2700000, 0x00000000e2700000| Untracked 
|  40|0x00000000e2800000, 0x00000000e2800000, 0x00000000e2900000|  0%| F|  |TAMS 0x00000000e2800000, 0x00000000e2800000| Untracked 
|  41|0x00000000e2900000, 0x00000000e2900000, 0x00000000e2a00000|  0%| F|  |TAMS 0x00000000e2900000, 0x00000000e2900000| Untracked 
|  42|0x00000000e2a00000, 0x00000000e2a00000, 0x00000000e2b00000|  0%| F|  |TAMS 0x00000000e2a00000, 0x00000000e2a00000| Untracked 
|  43|0x00000000e2b00000, 0x00000000e2b00000, 0x00000000e2c00000|  0%| F|  |TAMS 0x00000000e2b00000, 0x00000000e2b00000| Untracked 
|  44|0x00000000e2c00000, 0x00000000e2c00000, 0x00000000e2d00000|  0%| F|  |TAMS 0x00000000e2c00000, 0x00000000e2c00000| Untracked 
|  45|0x00000000e2d00000, 0x00000000e2d00000, 0x00000000e2e00000|  0%| F|  |TAMS 0x00000000e2d00000, 0x00000000e2d00000| Untracked 
|  46|0x00000000e2e00000, 0x00000000e2e00000, 0x00000000e2f00000|  0%| F|  |TAMS 0x00000000e2e00000, 0x00000000e2e00000| Untracked 
|  47|0x00000000e2f00000, 0x00000000e2f00000, 0x00000000e3000000|  0%| F|  |TAMS 0x00000000e2f00000, 0x00000000e2f00000| Untracked 
|  48|0x00000000e3000000, 0x00000000e3000000, 0x00000000e3100000|  0%| F|  |TAMS 0x00000000e3000000, 0x00000000e3000000| Untracked 
|  49|0x00000000e3100000, 0x00000000e3100000, 0x00000000e3200000|  0%| F|  |TAMS 0x00000000e3100000, 0x00000000e3100000| Untracked 
|  50|0x00000000e3200000, 0x00000000e3200000, 0x00000000e3300000|  0%| F|  |TAMS 0x00000000e3200000, 0x00000000e3200000| Untracked 
|  51|0x00000000e3300000, 0x00000000e3300000, 0x00000000e3400000|  0%| F|  |TAMS 0x00000000e3300000, 0x00000000e3300000| Untracked 
|  52|0x00000000e3400000, 0x00000000e3400000, 0x00000000e3500000|  0%| F|  |TAMS 0x00000000e3400000, 0x00000000e3400000| Untracked 
|  53|0x00000000e3500000, 0x00000000e3500000, 0x00000000e3600000|  0%| F|  |TAMS 0x00000000e3500000, 0x00000000e3500000| Untracked 
|  54|0x00000000e3600000, 0x00000000e3600000, 0x00000000e3700000|  0%| F|  |TAMS 0x00000000e3600000, 0x00000000e3600000| Untracked 
|  55|0x00000000e3700000, 0x00000000e3700000, 0x00000000e3800000|  0%| F|  |TAMS 0x00000000e3700000, 0x00000000e3700000| Untracked 
|  56|0x00000000e3800000, 0x00000000e3800000, 0x00000000e3900000|  0%| F|  |TAMS 0x00000000e3800000, 0x00000000e3800000| Untracked 
|  57|0x00000000e3900000, 0x00000000e3900000, 0x00000000e3a00000|  0%| F|  |TAMS 0x00000000e3900000, 0x00000000e3900000| Untracked 
|  58|0x00000000e3a00000, 0x00000000e3a00000, 0x00000000e3b00000|  0%| F|  |TAMS 0x00000000e3a00000, 0x00000000e3a00000| Untracked 
|  59|0x00000000e3b00000, 0x00000000e3b00000, 0x00000000e3c00000|  0%| F|  |TAMS 0x00000000e3b00000, 0x00000000e3b00000| Untracked 
|  60|0x00000000e3c00000, 0x00000000e3c00000, 0x00000000e3d00000|  0%| F|  |TAMS 0x00000000e3c00000, 0x00000000e3c00000| Untracked 
|  61|0x00000000e3d00000, 0x00000000e3d00000, 0x00000000e3e00000|  0%| F|  |TAMS 0x00000000e3d00000, 0x00000000e3d00000| Untracked 
|  62|0x00000000e3e00000, 0x00000000e3e00000, 0x00000000e3f00000|  0%| F|  |TAMS 0x00000000e3e00000, 0x00000000e3e00000| Untracked 
|  63|0x00000000e3f00000, 0x00000000e3f00000, 0x00000000e4000000|  0%| F|  |TAMS 0x00000000e3f00000, 0x00000000e3f00000| Untracked 
|  64|0x00000000e4000000, 0x00000000e4000000, 0x00000000e4100000|  0%| F|  |TAMS 0x00000000e4000000, 0x00000000e4000000| Untracked 
|  65|0x00000000e4100000, 0x00000000e4100000, 0x00000000e4200000|  0%| F|  |TAMS 0x00000000e4100000, 0x00000000e4100000| Untracked 
|  66|0x00000000e4200000, 0x00000000e4200000, 0x00000000e4300000|  0%| F|  |TAMS 0x00000000e4200000, 0x00000000e4200000| Untracked 
|  67|0x00000000e4300000, 0x00000000e4300000, 0x00000000e4400000|  0%| F|  |TAMS 0x00000000e4300000, 0x00000000e4300000| Untracked 
|  68|0x00000000e4400000, 0x00000000e4400000, 0x00000000e4500000|  0%| F|  |TAMS 0x00000000e4400000, 0x00000000e4400000| Untracked 
|  69|0x00000000e4500000, 0x00000000e4500000, 0x00000000e4600000|  0%| F|  |TAMS 0x00000000e4500000, 0x00000000e4500000| Untracked 
|  70|0x00000000e4600000, 0x00000000e4600000, 0x00000000e4700000|  0%| F|  |TAMS 0x00000000e4600000, 0x00000000e4600000| Untracked 
|  71|0x00000000e4700000, 0x00000000e4700000, 0x00000000e4800000|  0%| F|  |TAMS 0x00000000e4700000, 0x00000000e4700000| Untracked 
|  72|0x00000000e4800000, 0x00000000e4800000, 0x00000000e4900000|  0%| F|  |TAMS 0x00000000e4800000, 0x00000000e4800000| Untracked 
|  73|0x00000000e4900000, 0x00000000e4900000, 0x00000000e4a00000|  0%| F|  |TAMS 0x00000000e4900000, 0x00000000e4900000| Untracked 
|  74|0x00000000e4a00000, 0x00000000e4a00000, 0x00000000e4b00000|  0%| F|  |TAMS 0x00000000e4a00000, 0x00000000e4a00000| Untracked 
|  75|0x00000000e4b00000, 0x00000000e4b00000, 0x00000000e4c00000|  0%| F|  |TAMS 0x00000000e4b00000, 0x00000000e4b00000| Untracked 
|  76|0x00000000e4c00000, 0x00000000e4c00000, 0x00000000e4d00000|  0%| F|  |TAMS 0x00000000e4c00000, 0x00000000e4c00000| Untracked 
|  77|0x00000000e4d00000, 0x00000000e4d00000, 0x00000000e4e00000|  0%| F|  |TAMS 0x00000000e4d00000, 0x00000000e4d00000| Untracked 
|  78|0x00000000e4e00000, 0x00000000e4e00000, 0x00000000e4f00000|  0%| F|  |TAMS 0x00000000e4e00000, 0x00000000e4e00000| Untracked 
|  79|0x00000000e4f00000, 0x00000000e4f00000, 0x00000000e5000000|  0%| F|  |TAMS 0x00000000e4f00000, 0x00000000e4f00000| Untracked 
|  80|0x00000000e5000000, 0x00000000e5000000, 0x00000000e5100000|  0%| F|  |TAMS 0x00000000e5000000, 0x00000000e5000000| Untracked 
|  81|0x00000000e5100000, 0x00000000e5100000, 0x00000000e5200000|  0%| F|  |TAMS 0x00000000e5100000, 0x00000000e5100000| Untracked 
|  82|0x00000000e5200000, 0x00000000e5200000, 0x00000000e5300000|  0%| F|  |TAMS 0x00000000e5200000, 0x00000000e5200000| Untracked 
|  83|0x00000000e5300000, 0x00000000e5300000, 0x00000000e5400000|  0%| F|  |TAMS 0x00000000e5300000, 0x00000000e5300000| Untracked 
|  84|0x00000000e5400000, 0x00000000e5400000, 0x00000000e5500000|  0%| F|  |TAMS 0x00000000e5400000, 0x00000000e5400000| Untracked 
|  85|0x00000000e5500000, 0x00000000e5500000, 0x00000000e5600000|  0%| F|  |TAMS 0x00000000e5500000, 0x00000000e5500000| Untracked 
|  86|0x00000000e5600000, 0x00000000e5600000, 0x00000000e5700000|  0%| F|  |TAMS 0x00000000e5600000, 0x00000000e5600000| Untracked 
|  87|0x00000000e5700000, 0x00000000e5700000, 0x00000000e5800000|  0%| F|  |TAMS 0x00000000e5700000, 0x00000000e5700000| Untracked 
|  88|0x00000000e5800000, 0x00000000e5800000, 0x00000000e5900000|  0%| F|  |TAMS 0x00000000e5800000, 0x00000000e5800000| Untracked 
|  89|0x00000000e5900000, 0x00000000e5900000, 0x00000000e5a00000|  0%| F|  |TAMS 0x00000000e5900000, 0x00000000e5900000| Untracked 
|  90|0x00000000e5a00000, 0x00000000e5a00000, 0x00000000e5b00000|  0%| F|  |TAMS 0x00000000e5a00000, 0x00000000e5a00000| Untracked 
|  91|0x00000000e5b00000, 0x00000000e5b00000, 0x00000000e5c00000|  0%| F|  |TAMS 0x00000000e5b00000, 0x00000000e5b00000| Untracked 
|  92|0x00000000e5c00000, 0x00000000e5c00000, 0x00000000e5d00000|  0%| F|  |TAMS 0x00000000e5c00000, 0x00000000e5c00000| Untracked 
|  93|0x00000000e5d00000, 0x00000000e5d00000, 0x00000000e5e00000|  0%| F|  |TAMS 0x00000000e5d00000, 0x00000000e5d00000| Untracked 
|  94|0x00000000e5e00000, 0x00000000e5e00000, 0x00000000e5f00000|  0%| F|  |TAMS 0x00000000e5e00000, 0x00000000e5e00000| Untracked 
|  95|0x00000000e5f00000, 0x00000000e5fcab50, 0x00000000e6000000| 79%| S|CS|TAMS 0x00000000e5f00000, 0x00000000e5f00000| Complete 
|  96|0x00000000e6000000, 0x00000000e6100000, 0x00000000e6100000|100%| S|CS|TAMS 0x00000000e6000000, 0x00000000e6000000| Complete 
|  97|0x00000000e6100000, 0x00000000e6100000, 0x00000000e6200000|  0%| F|  |TAMS 0x00000000e6100000, 0x00000000e6100000| Untracked 
|  98|0x00000000e6200000, 0x00000000e6200000, 0x00000000e6300000|  0%| F|  |TAMS 0x00000000e6200000, 0x00000000e6200000| Untracked 
|  99|0x00000000e6300000, 0x00000000e6300000, 0x00000000e6400000|  0%| F|  |TAMS 0x00000000e6300000, 0x00000000e6300000| Untracked 
| 100|0x00000000e6400000, 0x00000000e6400000, 0x00000000e6500000|  0%| F|  |TAMS 0x00000000e6400000, 0x00000000e6400000| Untracked 
| 101|0x00000000e6500000, 0x00000000e6500000, 0x00000000e6600000|  0%| F|  |TAMS 0x00000000e6500000, 0x00000000e6500000| Untracked 
| 102|0x00000000e6600000, 0x00000000e6600000, 0x00000000e6700000|  0%| F|  |TAMS 0x00000000e6600000, 0x00000000e6600000| Untracked 
| 103|0x00000000e6700000, 0x00000000e6700000, 0x00000000e6800000|  0%| F|  |TAMS 0x00000000e6700000, 0x00000000e6700000| Untracked 
| 104|0x00000000e6800000, 0x00000000e6800000, 0x00000000e6900000|  0%| F|  |TAMS 0x00000000e6800000, 0x00000000e6800000| Untracked 
| 105|0x00000000e6900000, 0x00000000e6900000, 0x00000000e6a00000|  0%| F|  |TAMS 0x00000000e6900000, 0x00000000e6900000| Untracked 
| 106|0x00000000e6a00000, 0x00000000e6a00000, 0x00000000e6b00000|  0%| F|  |TAMS 0x00000000e6a00000, 0x00000000e6a00000| Untracked 
| 107|0x00000000e6b00000, 0x00000000e6b00000, 0x00000000e6c00000|  0%| F|  |TAMS 0x00000000e6b00000, 0x00000000e6b00000| Untracked 
| 108|0x00000000e6c00000, 0x00000000e6c00000, 0x00000000e6d00000|  0%| F|  |TAMS 0x00000000e6c00000, 0x00000000e6c00000| Untracked 
| 109|0x00000000e6d00000, 0x00000000e6d00000, 0x00000000e6e00000|  0%| F|  |TAMS 0x00000000e6d00000, 0x00000000e6d00000| Untracked 
| 110|0x00000000e6e00000, 0x00000000e6e00000, 0x00000000e6f00000|  0%| F|  |TAMS 0x00000000e6e00000, 0x00000000e6e00000| Untracked 
| 111|0x00000000e6f00000, 0x00000000e6f00000, 0x00000000e7000000|  0%| F|  |TAMS 0x00000000e6f00000, 0x00000000e6f00000| Untracked 
| 112|0x00000000e7000000, 0x00000000e7000000, 0x00000000e7100000|  0%| F|  |TAMS 0x00000000e7000000, 0x00000000e7000000| Untracked 
| 113|0x00000000e7100000, 0x00000000e7100000, 0x00000000e7200000|  0%| F|  |TAMS 0x00000000e7100000, 0x00000000e7100000| Untracked 
| 114|0x00000000e7200000, 0x00000000e7200000, 0x00000000e7300000|  0%| F|  |TAMS 0x00000000e7200000, 0x00000000e7200000| Untracked 
| 115|0x00000000e7300000, 0x00000000e7300000, 0x00000000e7400000|  0%| F|  |TAMS 0x00000000e7300000, 0x00000000e7300000| Untracked 
| 116|0x00000000e7400000, 0x00000000e7400000, 0x00000000e7500000|  0%| F|  |TAMS 0x00000000e7400000, 0x00000000e7400000| Untracked 
| 117|0x00000000e7500000, 0x00000000e75f1920, 0x00000000e7600000| 94%| E|  |TAMS 0x00000000e7500000, 0x00000000e7500000| Complete 
| 118|0x00000000e7600000, 0x00000000e7700000, 0x00000000e7700000|100%| E|CS|TAMS 0x00000000e7600000, 0x00000000e7600000| Complete 
| 119|0x00000000e7700000, 0x00000000e7800000, 0x00000000e7800000|100%| E|CS|TAMS 0x00000000e7700000, 0x00000000e7700000| Complete 
| 120|0x00000000e7800000, 0x00000000e7900000, 0x00000000e7900000|100%| E|CS|TAMS 0x00000000e7800000, 0x00000000e7800000| Complete 
| 121|0x00000000e7900000, 0x00000000e7a00000, 0x00000000e7a00000|100%| E|  |TAMS 0x00000000e7900000, 0x00000000e7900000| Complete 
| 122|0x00000000e7a00000, 0x00000000e7b00000, 0x00000000e7b00000|100%| E|CS|TAMS 0x00000000e7a00000, 0x00000000e7a00000| Complete 
| 123|0x00000000e7b00000, 0x00000000e7c00000, 0x00000000e7c00000|100%| E|CS|TAMS 0x00000000e7b00000, 0x00000000e7b00000| Complete 
| 124|0x00000000e7c00000, 0x00000000e7d00000, 0x00000000e7d00000|100%| E|CS|TAMS 0x00000000e7c00000, 0x00000000e7c00000| Complete 
| 125|0x00000000e7d00000, 0x00000000e7e00000, 0x00000000e7e00000|100%| E|CS|TAMS 0x00000000e7d00000, 0x00000000e7d00000| Complete 

Card table byte_map: [0x000001c259200000,0x000001c259300000] _byte_map_base: 0x000001c258b00000

Marking Bits (Prev, Next): (CMBitMap*) 0x000001c24257d470, (CMBitMap*) 0x000001c24257d4b0
 Prev Bits: [0x000001c259400000, 0x000001c259c00000)
 Next Bits: [0x000001c259c00000, 0x000001c25a400000)

Polling page: 0x000001c240530000

Metaspace:

Usage:
  Non-class:     11.71 MB used.
      Class:      1.64 MB used.
       Both:     13.35 MB used.

Virtual space:
  Non-class space:       64.00 MB reserved,      11.81 MB ( 18%) committed,  1 nodes.
      Class space:        1.00 GB reserved,       1.75 MB ( <1%) committed,  1 nodes.
             Both:        1.06 GB reserved,      13.56 MB (  1%) committed. 

Chunk freelists:
   Non-Class:  3.89 MB
       Class:  14.30 MB
        Both:  18.19 MB

MaxMetaspaceSize: unlimited
CompressedClassSpaceSize: 1.00 GB
Initial GC threshold: 21.00 MB
Current GC threshold: 21.00 MB
CDS: on
MetaspaceReclaimPolicy: balanced
 - commit_granule_bytes: 65536.
 - commit_granule_words: 8192.
 - virtual_space_node_default_size: 8388608.
 - enlarge_chunks_in_place: 1.
 - new_chunks_are_fully_committed: 0.
 - uncommit_free_chunks: 1.
 - use_allocation_guard: 0.
 - handle_deallocations: 1.


Internal statistics:

num_allocs_failed_limit: 0.
num_arena_births: 208.
num_arena_deaths: 0.
num_vsnodes_births: 2.
num_vsnodes_deaths: 0.
num_space_committed: 217.
num_space_uncommitted: 0.
num_chunks_returned_to_freelist: 0.
num_chunks_taken_from_freelist: 648.
num_chunk_merges: 0.
num_chunk_splits: 438.
num_chunks_enlarged: 342.
num_inconsistent_stats: 0.

CodeHeap 'non-profiled nmethods': size=120000Kb used=800Kb max_used=800Kb free=119199Kb
 bounds [0x000001c2518a0000, 0x000001c251b10000, 0x000001c258dd0000]
CodeHeap 'profiled nmethods': size=120000Kb used=3644Kb max_used=3644Kb free=116355Kb
 bounds [0x000001c249dd0000, 0x000001c24a160000, 0x000001c251300000]
CodeHeap 'non-nmethods': size=5760Kb used=1207Kb max_used=1243Kb free=4552Kb
 bounds [0x000001c251300000, 0x000001c251570000, 0x000001c2518a0000]
 total_blobs=2437 nmethods=1945 adapters=404
 compilation: enabled
              stopped_count=0, restarted_count=0
 full_count=0

Compilation events (20 events):
Event: 2.396 Thread 0x000001c25ce48f70 nmethod 1940 0x000001c24a15d610 code [0x000001c24a15d7c0, 0x000001c24a15da48]
Event: 2.396 Thread 0x000001c25ce48f70 1941       3       java.util.LinkedHashMap::afterNodeAccess (116 bytes)
Event: 2.396 Thread 0x000001c25ce48f70 nmethod 1941 0x000001c24a15db10 code [0x000001c24a15dce0, 0x000001c24a15e338]
Event: 2.396 Thread 0x000001c25ce48f70 1942       1       ch.qos.logback.classic.spi.LogbackServiceProvider::getLoggerFactory (5 bytes)
Event: 2.396 Thread 0x000001c25ce48f70 nmethod 1942 0x000001c25195cf10 code [0x000001c25195d0a0, 0x000001c25195d178]
Event: 2.400 Thread 0x000001c25ce48f70 1943       3       java.lang.Character::isJavaIdentifierPart (9 bytes)
Event: 2.400 Thread 0x000001c25ce48f70 nmethod 1943 0x000001c24a15e490 code [0x000001c24a15e640, 0x000001c24a15e838]
Event: 2.400 Thread 0x000001c25ce48f70 1944       3       java.lang.CharacterDataLatin1::isJavaIdentifierPart (20 bytes)
Event: 2.401 Thread 0x000001c25ce48f70 nmethod 1944 0x000001c24a15e910 code [0x000001c24a15eac0, 0x000001c24a15ecd8]
Event: 2.404 Thread 0x000001c25ce48f70 1945       3       java.lang.Character::isJavaIdentifierPart (5 bytes)
Event: 2.404 Thread 0x000001c25ce48f70 nmethod 1945 0x000001c24a15ee10 code [0x000001c24a15efc0, 0x000001c24a15f218]
Event: 2.482 Thread 0x000001c25ce3b090 nmethod 1750 0x000001c25195d210 code [0x000001c25195d960, 0x000001c251963a18]
Event: 2.484 Thread 0x000001c25ce3b090 1889       4       java.util.Objects::equals (23 bytes)
Event: 2.485 Thread 0x000001c25ce3b090 nmethod 1889 0x000001c251966390 code [0x000001c251966500, 0x000001c251966598]
Event: 2.485 Thread 0x000001c25ce3b090 1896       4       jdk.internal.org.objectweb.asm.ByteVector::put12 (64 bytes)
Event: 2.488 Thread 0x000001c25ce3b090 nmethod 1896 0x000001c251966690 code [0x000001c251966820, 0x000001c2519669c8]
Event: 2.488 Thread 0x000001c25ce3b090 1886   !   4       java.util.zip.Inflater::inflate (418 bytes)
Event: 2.496 Thread 0x000001c25ce3b090 nmethod 1886 0x000001c251966b10 code [0x000001c251966cc0, 0x000001c2519673d8]
Event: 2.496 Thread 0x000001c25ce3b090 1936       4       org.springframework.core.annotation.AttributeMethods::size (6 bytes)
Event: 2.496 Thread 0x000001c25ce3b090 nmethod 1936 0x000001c251967a90 code [0x000001c251967c00, 0x000001c251967c98]

GC Heap History (4 events):
Event: 1.317 GC heap before
{Heap before GC invocations=0 (full 0):
 garbage-first heap   total 129024K, used 25600K [0x00000000e0000000, 0x0000000100000000)
  region size 1024K, 23 young (23552K), 0 survivors (0K)
 Metaspace       used 5499K, committed 5696K, reserved 1114112K
  class space    used 643K, committed 704K, reserved 1048576K
}
Event: 1.323 GC heap after
{Heap after GC invocations=1 (full 0):
 garbage-first heap   total 129024K, used 9030K [0x00000000e0000000, 0x0000000100000000)
  region size 1024K, 3 young (3072K), 3 survivors (3072K)
 Metaspace       used 5499K, committed 5696K, reserved 1114112K
  class space    used 643K, committed 704K, reserved 1048576K
}
Event: 2.210 GC heap before
{Heap before GC invocations=1 (full 0):
 garbage-first heap   total 129024K, used 35654K [0x00000000e0000000, 0x0000000100000000)
  region size 1024K, 29 young (29696K), 3 survivors (3072K)
 Metaspace       used 11772K, committed 11968K, reserved 1114112K
  class space    used 1453K, committed 1536K, reserved 1048576K
}
Event: 2.216 GC heap after
{Heap after GC invocations=2 (full 0):
 garbage-first heap   total 129024K, used 10854K [0x00000000e0000000, 0x0000000100000000)
  region size 1024K, 2 young (2048K), 2 survivors (2048K)
 Metaspace       used 11772K, committed 11968K, reserved 1114112K
  class space    used 1453K, committed 1536K, reserved 1048576K
}

Deoptimization events (20 events):
Event: 2.131 Thread 0x000001c2a32d2d60 Uncommon trap: trap_request=0xffffff45 fr.pc=0x000001c2519470f0 relative=0x00000000000001b0
Event: 2.131 Thread 0x000001c2a32d2d60 Uncommon trap: reason=unstable_if action=reinterpret pc=0x000001c2519470f0 method=java.util.concurrent.ConcurrentHashMap.addCount(JI)V @ 171 c2
Event: 2.131 Thread 0x000001c2a32d2d60 DEOPT PACKING pc=0x000001c2519470f0 sp=0x00000089229f9840
Event: 2.131 Thread 0x000001c2a32d2d60 DEOPT UNPACKING pc=0x000001c251355ba3 sp=0x00000089229f9780 mode 2
Event: 2.175 Thread 0x000001c2425472e0 Uncommon trap: trap_request=0xffffffde fr.pc=0x000001c251925a04 relative=0x0000000000000144
Event: 2.175 Thread 0x000001c2425472e0 Uncommon trap: reason=class_check action=maybe_recompile pc=0x000001c251925a04 method=org.springframework.boot.context.properties.source.ConfigurationPropertyName$Elements.charAt(II)C @ 43 c2
Event: 2.175 Thread 0x000001c2425472e0 DEOPT PACKING pc=0x000001c251925a04 sp=0x00000089211fda10
Event: 2.175 Thread 0x000001c2425472e0 DEOPT UNPACKING pc=0x000001c251355ba3 sp=0x00000089211fd988 mode 2
Event: 2.175 Thread 0x000001c2425472e0 Uncommon trap: trap_request=0xffffffde fr.pc=0x000001c251925a04 relative=0x0000000000000144
Event: 2.175 Thread 0x000001c2425472e0 Uncommon trap: reason=class_check action=maybe_recompile pc=0x000001c251925a04 method=org.springframework.boot.context.properties.source.ConfigurationPropertyName$Elements.charAt(II)C @ 43 c2
Event: 2.175 Thread 0x000001c2425472e0 DEOPT PACKING pc=0x000001c251925a04 sp=0x00000089211fda10
Event: 2.175 Thread 0x000001c2425472e0 DEOPT UNPACKING pc=0x000001c251355ba3 sp=0x00000089211fd988 mode 2
Event: 2.292 Thread 0x000001c2425472e0 Uncommon trap: trap_request=0xffffff45 fr.pc=0x000001c2519149e0 relative=0x00000000000002c0
Event: 2.292 Thread 0x000001c2425472e0 Uncommon trap: reason=unstable_if action=reinterpret pc=0x000001c2519149e0 method=jdk.internal.org.objectweb.asm.SymbolTable.put(Ljdk/internal/org/objectweb/asm/SymbolTable$Entry;)Ljdk/internal/org/objectweb/asm/SymbolTable$Entry; @ 13 c2
Event: 2.292 Thread 0x000001c2425472e0 DEOPT PACKING pc=0x000001c2519149e0 sp=0x00000089211fd6e0
Event: 2.292 Thread 0x000001c2425472e0 DEOPT UNPACKING pc=0x000001c251355ba3 sp=0x00000089211fd660 mode 2
Event: 2.294 Thread 0x000001c2a32d2d60 Uncommon trap: trap_request=0xffffff45 fr.pc=0x000001c2518f8ec8 relative=0x0000000000000048
Event: 2.294 Thread 0x000001c2a32d2d60 Uncommon trap: reason=unstable_if action=reinterpret pc=0x000001c2518f8ec8 method=java.lang.CharacterData.of(I)Ljava/lang/CharacterData; @ 4 c2
Event: 2.294 Thread 0x000001c2a32d2d60 DEOPT PACKING pc=0x000001c2518f8ec8 sp=0x00000089229fd6c0
Event: 2.294 Thread 0x000001c2a32d2d60 DEOPT UNPACKING pc=0x000001c251355ba3 sp=0x00000089229fd658 mode 2

Classes unloaded (0 events):
No events

Classes redefined (0 events):
No events

Internal exceptions (20 events):
Event: 1.494 Thread 0x000001c2425472e0 Exception <a 'java/lang/NoSuchMethodError'{0x00000000e7865bf8}: 'void java.lang.invoke.DirectMethodHandle$Holder.invokeSpecial(java.lang.Object, java.lang.Object, java.lang.Object, java.lang.Object, java.lang.Object)'> (0x00000000e7865bf8) 
thrown [s\open\src\hotspot\share\interpreter\linkResolver.cpp, line 759]
Event: 1.594 Thread 0x000001c2425472e0 Exception <a 'java/lang/NoSuchMethodError'{0x00000000e7597f80}: 'void java.lang.invoke.DirectMethodHandle$Holder.invokeSpecial(java.lang.Object, java.lang.Object, java.lang.Object, java.lang.Object, java.lang.Object, java.lang.Object)'> (0x00000000e7597f80) 
thrown [s\open\src\hotspot\share\interpreter\linkResolver.cpp, line 759]
Event: 1.621 Thread 0x000001c2425472e0 Exception <a 'java/lang/NoSuchMethodError'{0x00000000e743cbe0}: 'java.lang.Object java.lang.invoke.DirectMethodHandle$Holder.invokeSpecial(java.lang.Object, java.lang.Object, java.lang.Object, int, java.lang.Object)'> (0x00000000e743cbe0) 
thrown [s\open\src\hotspot\share\interpreter\linkResolver.cpp, line 759]
Event: 1.622 Thread 0x000001c2425472e0 Exception <a 'java/lang/NoSuchMethodError'{0x00000000e7445240}: 'java.lang.Object java.lang.invoke.DirectMethodHandle$Holder.newInvokeSpecial(java.lang.Object, java.lang.Object, java.lang.Object, int, java.lang.Object)'> (0x00000000e7445240) 
thrown [s\open\src\hotspot\share\interpreter\linkResolver.cpp, line 759]
Event: 1.622 Thread 0x000001c2425472e0 Exception <a 'java/lang/NoSuchMethodError'{0x00000000e744cc10}: 'java.lang.Object java.lang.invoke.Invokers$Holder.linkToTargetMethod(java.lang.Object, java.lang.Object, int, java.lang.Object, java.lang.Object)'> (0x00000000e744cc10) 
thrown [s\open\src\hotspot\share\interpreter\linkResolver.cpp, line 759]
Event: 1.625 Thread 0x000001c2425472e0 Exception <a 'java/lang/NoSuchMethodError'{0x00000000e745c280}: 'java.lang.Object java.lang.invoke.DirectMethodHandle$Holder.newInvokeSpecial(java.lang.Object, int, java.lang.Object)'> (0x00000000e745c280) 
thrown [s\open\src\hotspot\share\interpreter\linkResolver.cpp, line 759]
Event: 1.625 Thread 0x000001c2425472e0 Exception <a 'java/lang/NoSuchMethodError'{0x00000000e7460f60}: 'int java.lang.invoke.DirectMethodHandle$Holder.invokeSpecialIFC(java.lang.Object, java.lang.Object, java.lang.Object, java.lang.Object)'> (0x00000000e7460f60) 
thrown [s\open\src\hotspot\share\interpreter\linkResolver.cpp, line 759]
Event: 1.659 Thread 0x000001c2425472e0 Exception <a 'java/lang/NoSuchMethodError'{0x00000000e73493d8}: 'void java.lang.invoke.DirectMethodHandle$Holder.invokeInterface(java.lang.Object, java.lang.Object, java.lang.Object)'> (0x00000000e73493d8) 
thrown [s\open\src\hotspot\share\interpreter\linkResolver.cpp, line 759]
Event: 1.695 Thread 0x000001c2425472e0 Exception <a 'java/lang/NoSuchMethodError'{0x00000000e73e6578}: 'java.lang.Object java.lang.invoke.DirectMethodHandle$Holder.invokeStatic(java.lang.Object, java.lang.Object, int)'> (0x00000000e73e6578) 
thrown [s\open\src\hotspot\share\interpreter\linkResolver.cpp, line 759]
Event: 1.696 Thread 0x000001c2425472e0 Exception <a 'java/lang/NoSuchMethodError'{0x00000000e73f1f90}: 'void java.lang.invoke.DelegatingMethodHandle$Holder.delegate(java.lang.Object, java.lang.Object, int, java.lang.Object)'> (0x00000000e73f1f90) 
thrown [s\open\src\hotspot\share\interpreter\linkResolver.cpp, line 759]
Event: 1.921 Thread 0x000001c2425472e0 Exception <a 'java/lang/NoSuchMethodError'{0x00000000e71474b8}: 'void java.lang.invoke.DirectMethodHandle$Holder.invokeStaticInit(java.lang.Object, java.lang.Object, java.lang.Object)'> (0x00000000e71474b8) 
thrown [s\open\src\hotspot\share\interpreter\linkResolver.cpp, line 759]
Event: 1.928 Thread 0x000001c2425472e0 Exception <a 'java/lang/NoSuchMethodError'{0x00000000e7190988}: 'java.lang.Object java.lang.invoke.DirectMethodHandle$Holder.invokeVirtual(java.lang.Object, java.lang.Object, java.lang.Object)'> (0x00000000e7190988) 
thrown [s\open\src\hotspot\share\interpreter\linkResolver.cpp, line 759]
Event: 1.933 Thread 0x000001c2425472e0 Exception <a 'java/lang/NoSuchMethodError'{0x00000000e71b2700}: 'java.lang.Object java.lang.invoke.DirectMethodHandle$Holder.invokeStatic(java.lang.Object, java.lang.Object, long, java.lang.Object)'> (0x00000000e71b2700) 
thrown [s\open\src\hotspot\share\interpreter\linkResolver.cpp, line 759]
Event: 1.933 Thread 0x000001c2425472e0 Exception <a 'java/lang/NoSuchMethodError'{0x00000000e71b6198}: 'java.lang.Object java.lang.invoke.DirectMethodHandle$Holder.invokeStaticInit(java.lang.Object, java.lang.Object, long, java.lang.Object)'> (0x00000000e71b6198) 
thrown [s\open\src\hotspot\share\interpreter\linkResolver.cpp, line 759]
Event: 1.934 Thread 0x000001c2425472e0 Exception <a 'java/lang/NoSuchMethodError'{0x00000000e71bc4c8}: 'java.lang.Object java.lang.invoke.DirectMethodHandle$Holder.newInvokeSpecial(java.lang.Object, java.lang.Object, long)'> (0x00000000e71bc4c8) 
thrown [s\open\src\hotspot\share\interpreter\linkResolver.cpp, line 759]
Event: 1.934 Thread 0x000001c2425472e0 Exception <a 'java/lang/NoSuchMethodError'{0x00000000e71c0038}: 'java.lang.Object java.lang.invoke.Invokers$Holder.linkToTargetMethod(java.lang.Object, long, java.lang.Object)'> (0x00000000e71c0038) 
thrown [s\open\src\hotspot\share\interpreter\linkResolver.cpp, line 759]
Event: 1.948 Thread 0x000001c2425472e0 Exception <a 'java/lang/NoSuchMethodError'{0x00000000e7022e60}: 'void java.lang.invoke.DirectMethodHandle$Holder.invokeVirtual(java.lang.Object, java.lang.Object, java.lang.Object, java.lang.Object)'> (0x00000000e7022e60) 
thrown [s\open\src\hotspot\share\interpreter\linkResolver.cpp, line 759]
Event: 2.019 Thread 0x000001c2425472e0 Exception <a 'java/lang/NoSuchMethodError'{0x00000000e6fab150}: 'void java.lang.invoke.DirectMethodHandle$Holder.invokeSpecial(java.lang.Object, java.lang.Object, java.lang.Object)'> (0x00000000e6fab150) 
thrown [s\open\src\hotspot\share\interpreter\linkResolver.cpp, line 759]
Event: 2.027 Thread 0x000001c2425472e0 Exception <a 'java/lang/IncompatibleClassChangeError'{0x00000000e6fd71c0}: Found class java.lang.Object, but interface was expected> (0x00000000e6fd71c0) 
thrown [s\open\src\hotspot\share\interpreter\linkResolver.cpp, line 826]
Event: 2.033 Thread 0x000001c2a32d2d60 Exception <a 'java/lang/NoClassDefFoundError'{0x00000000e6e17a88}: jakarta/validation/Validation> (0x00000000e6e17a88) 
thrown [s\open\src\hotspot\share\classfile\systemDictionary.cpp, line 245]

VM Operations (20 events):
Event: 1.222 Executing VM operation: Cleanup
Event: 1.223 Executing VM operation: Cleanup done
Event: 1.315 Executing VM operation: G1CollectForAllocation
Event: 1.324 Executing VM operation: G1CollectForAllocation done
Event: 1.586 Executing VM operation: HandshakeAllThreads
Event: 1.586 Executing VM operation: HandshakeAllThreads done
Event: 1.695 Executing VM operation: HandshakeAllThreads
Event: 1.695 Executing VM operation: HandshakeAllThreads done
Event: 1.716 Executing VM operation: HandshakeAllThreads
Event: 1.716 Executing VM operation: HandshakeAllThreads done
Event: 1.922 Executing VM operation: ICBufferFull
Event: 1.922 Executing VM operation: ICBufferFull done
Event: 2.014 Executing VM operation: HandshakeAllThreads
Event: 2.014 Executing VM operation: HandshakeAllThreads done
Event: 2.209 Executing VM operation: G1CollectForAllocation
Event: 2.216 Executing VM operation: G1CollectForAllocation done
Event: 2.291 Executing VM operation: HandshakeAllThreads
Event: 2.291 Executing VM operation: HandshakeAllThreads done
Event: 2.294 Executing VM operation: HandshakeAllThreads
Event: 2.294 Executing VM operation: HandshakeAllThreads done

Events (20 events):
Event: 2.262 loading class jdk/internal/reflect/Label
Event: 2.263 loading class jdk/internal/reflect/Label done
Event: 2.263 loading class jdk/internal/reflect/Label$PatchInfo
Event: 2.263 loading class jdk/internal/reflect/Label$PatchInfo done
Event: 2.263 loading class jdk/internal/reflect/MethodAccessorGenerator$1
Event: 2.263 loading class jdk/internal/reflect/MethodAccessorGenerator$1 done
Event: 2.263 loading class jdk/internal/reflect/ClassDefiner
Event: 2.263 loading class jdk/internal/reflect/ClassDefiner done
Event: 2.263 loading class jdk/internal/reflect/ClassDefiner$1
Event: 2.263 loading class jdk/internal/reflect/ClassDefiner$1 done
Event: 2.263 loading class jdk/internal/reflect/BootstrapConstructorAccessorImpl
Event: 2.263 loading class jdk/internal/reflect/BootstrapConstructorAccessorImpl done
Event: 2.282 loading class sun/text/resources/cldr/FormatData_en
Event: 2.283 loading class sun/text/resources/cldr/FormatData_en done
Event: 2.283 loading class sun/text/resources/cldr/FormatData_en_US
Event: 2.283 loading class sun/text/resources/cldr/FormatData_en_US done
Event: 2.285 loading class java/lang/annotation/Repeatable
Event: 2.285 loading class java/lang/annotation/Repeatable done
Event: 2.341 loading class java/io/CharArrayReader
Event: 2.342 loading class java/io/CharArrayReader done


Dynamic libraries:
0x00007ff69cc20000 - 0x00007ff69cc30000 	C:\Program Files\Java\jdk-17\bin\java.exe
0x00007fffed850000 - 0x00007fffeda67000 	C:\WINDOWS\SYSTEM32\ntdll.dll
0x00007fffec270000 - 0x00007fffec334000 	C:\WINDOWS\System32\KERNEL32.DLL
0x00007fffeaf60000 - 0x00007fffeb307000 	C:\WINDOWS\System32\KERNELBASE.dll
0x00007fffeb400000 - 0x00007fffeb511000 	C:\WINDOWS\System32\ucrtbase.dll
0x00007fffb1400000 - 0x00007fffb141b000 	C:\Program Files\Java\jdk-17\bin\VCRUNTIME140.dll
0x00007fffb1330000 - 0x00007fffb1349000 	C:\Program Files\Java\jdk-17\bin\jli.dll
0x00007fffec1b0000 - 0x00007fffec262000 	C:\WINDOWS\System32\ADVAPI32.dll
0x00007fffed200000 - 0x00007fffed2a7000 	C:\WINDOWS\System32\msvcrt.dll
0x00007fffeb910000 - 0x00007fffeb9b8000 	C:\WINDOWS\System32\sechost.dll
0x00007fffeb520000 - 0x00007fffeb548000 	C:\WINDOWS\System32\bcrypt.dll
0x00007fffecf30000 - 0x00007fffed045000 	C:\WINDOWS\System32\RPCRT4.dll
0x00007fffed050000 - 0x00007fffed1fe000 	C:\WINDOWS\System32\USER32.dll
0x00007fffeb550000 - 0x00007fffeb576000 	C:\WINDOWS\System32\win32u.dll
0x00007fffebbe0000 - 0x00007fffebc09000 	C:\WINDOWS\System32\GDI32.dll
0x00007fffcd780000 - 0x00007fffcda13000 	C:\WINDOWS\WinSxS\amd64_microsoft.windows.common-controls_6595b64144ccf1df_6.0.22621.3527_none_270e469b73872a76\COMCTL32.dll
0x00007fffeae40000 - 0x00007fffeaf59000 	C:\WINDOWS\System32\gdi32full.dll
0x00007fffeac30000 - 0x00007fffeacca000 	C:\WINDOWS\System32\msvcp_win.dll
0x00007fffdede0000 - 0x00007fffdedea000 	C:\WINDOWS\SYSTEM32\VERSION.dll
0x00007fffed460000 - 0x00007fffed491000 	C:\WINDOWS\System32\IMM32.DLL
0x00007fffb47d0000 - 0x00007fffb47dc000 	C:\Program Files\Java\jdk-17\bin\vcruntime140_1.dll
0x00007fff57460000 - 0x00007fff574ee000 	C:\Program Files\Java\jdk-17\bin\msvcp140.dll
0x00007fff4cf70000 - 0x00007fff4db51000 	C:\Program Files\Java\jdk-17\bin\server\jvm.dll
0x00007fffecda0000 - 0x00007fffecda8000 	C:\WINDOWS\System32\PSAPI.DLL
0x00007fffca1d0000 - 0x00007fffca1d9000 	C:\WINDOWS\SYSTEM32\WSOCK32.dll
0x00007fffe0bb0000 - 0x00007fffe0be4000 	C:\WINDOWS\SYSTEM32\WINMM.dll
0x00007fffebc10000 - 0x00007fffebc81000 	C:\WINDOWS\System32\WS2_32.dll
0x00007fffe9b60000 - 0x00007fffe9b78000 	C:\WINDOWS\SYSTEM32\kernel.appcore.dll
0x00007fffb4510000 - 0x00007fffb451a000 	C:\Program Files\Java\jdk-17\bin\jimage.dll
0x00007fffe7ea0000 - 0x00007fffe80d2000 	C:\WINDOWS\SYSTEM32\DBGHELP.DLL
0x00007fffeb580000 - 0x00007fffeb908000 	C:\WINDOWS\System32\combase.dll
0x00007fffec460000 - 0x00007fffec537000 	C:\WINDOWS\System32\OLEAUT32.dll
0x00007fffc6a10000 - 0x00007fffc6a42000 	C:\WINDOWS\SYSTEM32\dbgcore.DLL
0x00007fffeb310000 - 0x00007fffeb389000 	C:\WINDOWS\System32\bcryptPrimitives.dll
0x00007fff8f6d0000 - 0x00007fff8f6f5000 	C:\Program Files\Java\jdk-17\bin\java.dll
0x00007fff4ce90000 - 0x00007fff4cf67000 	C:\Program Files\Java\jdk-17\bin\jsvml.dll
0x00007fffec540000 - 0x00007fffecd9c000 	C:\WINDOWS\System32\SHELL32.dll
0x00007fffe8a60000 - 0x00007fffe9356000 	C:\WINDOWS\SYSTEM32\windows.storage.dll
0x00007fffe8920000 - 0x00007fffe8a5e000 	C:\WINDOWS\SYSTEM32\wintypes.dll
0x00007fffed2b0000 - 0x00007fffed3a5000 	C:\WINDOWS\System32\SHCORE.dll
0x00007fffec400000 - 0x00007fffec45e000 	C:\WINDOWS\System32\shlwapi.dll
0x00007fffeaaa0000 - 0x00007fffeaac1000 	C:\WINDOWS\SYSTEM32\profapi.dll
0x00007fffb1310000 - 0x00007fffb1329000 	C:\Program Files\Java\jdk-17\bin\net.dll
0x00007fffe2fa0000 - 0x00007fffe30d6000 	C:\WINDOWS\SYSTEM32\WINHTTP.dll
0x00007fffe9fc0000 - 0x00007fffea029000 	C:\WINDOWS\system32\mswsock.dll
0x00007fff8f490000 - 0x00007fff8f4a6000 	C:\Program Files\Java\jdk-17\bin\nio.dll
0x00007fff81a90000 - 0x00007fff81aa8000 	C:\Program Files\Java\jdk-17\bin\zip.dll
0x00007fffe9600000 - 0x00007fffe962d000 	C:\WINDOWS\SYSTEM32\IPHLPAPI.DLL
0x00007fffec350000 - 0x00007fffec359000 	C:\WINDOWS\System32\NSI.dll
0x00007fffe42b0000 - 0x00007fffe42c9000 	C:\WINDOWS\SYSTEM32\dhcpcsvc6.DLL
0x00007fffe2f80000 - 0x00007fffe2f9f000 	C:\WINDOWS\SYSTEM32\dhcpcsvc.DLL
0x00007fffe9680000 - 0x00007fffe9778000 	C:\WINDOWS\SYSTEM32\DNSAPI.dll
0x00007fffd77d0000 - 0x00007fffd77da000 	C:\Windows\System32\rasadhlp.dll
0x00007fffe0f20000 - 0x00007fffe0fa3000 	C:\WINDOWS\System32\fwpuclnt.dll

dbghelp: loaded successfully - version: 4.0.5 - missing functions: none
symbol engine: initialized successfully - sym options: 0x614 - pdb path: .;C:\Program Files\Java\jdk-17\bin;C:\WINDOWS\SYSTEM32;C:\WINDOWS\WinSxS\amd64_microsoft.windows.common-controls_6595b64144ccf1df_6.0.22621.3527_none_270e469b73872a76;C:\Program Files\Java\jdk-17\bin\server

VM Arguments:
jvm_args: -XX:+ShowCodeDetailsInExceptionMessages -Xmx512M 
java_command: com.SupplyChainOptimization.Supply_Chain_Analytics.SupplyChainAnalyticsApplication
java_class_path (initial): C:\Users\mummi\OneDrive\Desktop\Supply Chain Optimization\Supply-Chain-Analytics\target\classes;C:\Users\mummi\.m2\repository\org\springframework\boot\spring-boot-starter-data-jpa\3.3.0\spring-boot-starter-data-jpa-3.3.0.jar;C:\Users\mummi\.m2\repository\org\springframework\boot\spring-boot-starter-aop\3.3.0\spring-boot-starter-aop-3.3.0.jar;C:\Users\mummi\.m2\repository\org\springframework\spring-aop\6.1.8\spring-aop-6.1.8.jar;C:\Users\mummi\.m2\repository\org\aspectj\aspectjweaver\1.9.22\aspectjweaver-1.9.22.jar;C:\Users\mummi\.m2\repository\org\springframework\boot\spring-boot-starter-jdbc\3.3.0\spring-boot-starter-jdbc-3.3.0.jar;C:\Users\mummi\.m2\repository\com\zaxxer\HikariCP\5.1.0\HikariCP-5.1.0.jar;C:\Users\mummi\.m2\repository\org\springframework\spring-jdbc\6.1.8\spring-jdbc-6.1.8.jar;C:\Users\mummi\.m2\repository\org\hibernate\orm\hibernate-core\6.5.2.Final\hibernate-core-6.5.2.Final.jar;C:\Users\mummi\.m2\repository\jakarta\persistence\jakarta.persistence-api\3.1.0\jakarta.persistence-api-3.1.0.jar;C:\Users\mummi\.m2\repository\jakarta\transaction\jakarta.transaction-api\2.0.1\jakarta.transaction-api-2.0.1.jar;C:\Users\mummi\.m2\repository\org\jboss\logging\jboss-logging\3.5.3.Final\jboss-logging-3.5.3.Final.jar;C:\Users\mummi\.m2\repository\org\hibernate\common\hibernate-commons-annotations\6.0.6.Final\hibernate-commons-annotations-6.0.6.Final.jar;C:\Users\mummi\.m2\repository\io\smallrye\jandex\3.1.2\jandex-3.1.2.jar;C:\Users\mummi\.m2\repository\com\fasterxml\classmate\1.7.0\classmate-1.7.0.jar;C:\Users\mummi\.m2\repository\net\bytebuddy\byte-buddy\1.14.16\byte-buddy-1.14.16.jar;C:\Users\mummi\.m2\repository\org\glassfish\jaxb\jaxb-runtime\4.0.5\jaxb-runtime-4.0.5.jar;C:\Users\mummi\.m2\repository\org\glassfish\jaxb\jaxb-core\4.0.5\jaxb-core-4.0.5.jar;C:\Users\mummi\.m2\repository\org\eclipse\angus\angus-activation\2.0.2\angus-activation-2.0.2.jar;C:\Users\mummi\.m2\repository\org\glassfish\jaxb\txw2\4.0.5\txw2-4.0.5.jar;C
Launcher Type: SUN_STANDARD

[Global flags]
     intx CICompilerCount                          = 4                                         {product} {ergonomic}
     uint ConcGCThreads                            = 2                                         {product} {ergonomic}
     uint G1ConcRefinementThreads                  = 8                                         {product} {ergonomic}
   size_t G1HeapRegionSize                         = 1048576                                   {product} {ergonomic}
    uintx GCDrainStackTargetSize                   = 64                                        {product} {ergonomic}
   size_t InitialHeapSize                          = 132120576                                 {product} {ergonomic}
   size_t MarkStackSize                            = 4194304                                   {product} {ergonomic}
   size_t MaxHeapSize                              = 536870912                                 {product} {command line}
   size_t MaxNewSize                               = 321912832                                 {product} {ergonomic}
   size_t MinHeapDeltaBytes                        = 1048576                                   {product} {ergonomic}
   size_t MinHeapSize                              = 8388608                                   {product} {ergonomic}
    uintx NonNMethodCodeHeapSize                   = 5839372                                {pd product} {ergonomic}
    uintx NonProfiledCodeHeapSize                  = 122909434                              {pd product} {ergonomic}
    uintx ProfiledCodeHeapSize                     = 122909434                              {pd product} {ergonomic}
    uintx ReservedCodeCacheSize                    = 251658240                              {pd product} {ergonomic}
     bool SegmentedCodeCache                       = true                                      {product} {ergonomic}
     bool ShowCodeDetailsInExceptionMessages       = true                                   {manageable} {command line}
   size_t SoftMaxHeapSize                          = 536870912                              {manageable} {ergonomic}
     bool UseCompressedClassPointers               = true                           {product lp64_product} {ergonomic}
     bool UseCompressedOops                        = true                           {product lp64_product} {ergonomic}
     bool UseG1GC                                  = true                                      {product} {ergonomic}
     bool UseLargePagesIndividualAllocation        = false                                  {pd product} {ergonomic}

Logging:
Log output configuration:
 #0: stdout all=warning uptime,level,tags
 #1: stderr all=off uptime,level,tags

Environment Variables:
JAVA_HOME=C:\Program Files\Java\jdk-17
_JAVA_OPTIONS=-Xmx512M
CLASSPATH=C:\mysql-connector-java-8.0.30.jar;.;
PATH=C:\Program Files (x86)\Falcon\MinGW\bin;C:\Program Files\Common Files\Oracle\Java\javapath;C:\WINDOWS\system32;C:\WINDOWS;C:\WINDOWS\System32\Wbem;C:\WINDOWS\System32\WindowsPowerShell\v1.0\;C:\WINDOWS\System32\OpenSSH\;C:\Program Files\nodejs\;C:\Users\mummi\Downloads\apache-maven-3.8.8-bin\apache-maven-3.8.8\bin;C:\Program Files\Java\jdk-17\bin;C:\Program Files\Git\cmd;C:\Program Files\Docker\Docker\resources\bin;C:\Users\mummi\AppData\Local\Programs\Python\Python311\Scripts\;C:\Users\mummi\AppData\Local\Programs\Python\Python311\;C:\Program Files\MySQL\MySQL Shell 8.0\bin\;C:\Users\mummi\AppData\Local\Microsoft\WindowsApps;C:\Program Files\JetBrains\IntelliJ IDEA Community Edition 2022.2.1\bin;;C:\Users\mummi\AppData\Local\Programs\Microsoft VS Code\bin;C:\Program Files\Java\jdk-18.0.2\lib;C:\Users\mummi\AppData\Roaming\npm
USERNAME=mummi
LANG=en_US.UTF-8
OS=Windows_NT
PROCESSOR_IDENTIFIER=Intel64 Family 6 Model 140 Stepping 2, GenuineIntel



---------------  S Y S T E M  ---------------

OS:
 Windows 11 , 64 bit Build 22621 (10.0.22621.3527)
OS uptime: 4 days 22:03 hours
Hyper-V role detected

CPU: total 8 (initial active 8) (4 cores per cpu, 2 threads per core) family 6 model 140 stepping 2 microcode 0x2c, cx8, cmov, fxsr, ht, mmx, 3dnowpref, sse, sse2, sse3, ssse3, sse4.1, sse4.2, popcnt, lzcnt, tsc, tscinvbit, avx, avx2, aes, erms, clmul, bmi1, bmi2, adx, avx512f, avx512dq, avx512cd, avx512bw, avx512vl, sha, fma, vzeroupper, avx512_vpopcntdq, avx512_vpclmulqdq, avx512_vaes, avx512_vnni, clflush, clflushopt, clwb, avx512_vbmi2, avx512_vbmi, hv

Memory: 4k page, system-wide physical 7941M (339M free)
TotalPageFile size 30357M (AvailPageFile size 2M)
current process WorkingSet (physical memory assigned to process): 123M, peak: 125M
current process commit charge ("private bytes"): 256M, peak: 258M

vm_info: Java HotSpot(TM) 64-Bit Server VM (17.0.9+11-LTS-201) for windows-amd64 JRE (17.0.9+11-LTS-201), built on Oct 10 2023 23:16:06 by "mach5one" with MS VC++ 17.1 (VS2022)

END.
